11-12-2023	14:22:43	6f1e6a29-3bb3-4048-bfc6-ae3e7b72d63e	GET	/auth/refresh	http://localhost:3000
11-12-2023	14:23:11	41a3901f-83b1-44dc-8257-281e45fd1e3f	OPTIONS	/auth	http://localhost:3000
11-12-2023	14:23:11	2b0fc3d1-6653-4103-a16c-b8b3108172f3	POST	/auth	http://localhost:3000
11-12-2023	14:23:22	c9f120d4-8e3e-4b11-9f47-a0256797730b	GET	/auth/refresh	http://localhost:3000
11-12-2023	14:24:46	6b0b28c4-0c11-475d-a5d2-24be93fd3a38	GET	/props	http://localhost:3000
11-12-2023	14:24:46	2676ba8f-300c-46e6-ae2b-270f178de99b	GET	/props	http://localhost:3000
11-12-2023	14:32:12	c6503048-2b01-499c-93a9-5935e4a39e11	GET	/rent/props	http://localhost:3000
11-12-2023	14:32:12	25b7b38e-4156-49bc-b730-1794c1c1e0b9	GET	/buy/props	http://localhost:3000
11-12-2023	14:32:12	96e8c9df-af58-4c20-b34c-cabb6efce584	GET	/buy/props	http://localhost:3000
11-12-2023	14:32:13	0ce056b3-f813-41fb-9e63-3cc70968faaf	GET	/rent/props	http://localhost:3000
11-12-2023	14:32:30	8688b38b-b108-4a88-bea9-196078eaa0cf	GET	/rent/props	http://localhost:3000
11-12-2023	14:32:30	161fda8d-fc1f-4939-ac4d-c2c99a4762bd	GET	/buy/props	http://localhost:3000
11-12-2023	14:33:17	fa5ee2ab-9bf7-44dd-a980-17ea8091e767	GET	/rent/props	http://localhost:3000
11-12-2023	14:33:17	f796b488-1f19-49dd-a816-a9143d0e0a6f	GET	/buy/props	http://localhost:3000
11-12-2023	14:33:17	16869153-0add-4b9b-835d-d88d6504038a	GET	/buy/props	http://localhost:3000
11-12-2023	14:33:17	37854516-57d7-4c62-a9e9-8db893840955	GET	/rent/props	http://localhost:3000
11-12-2023	14:33:23	a250bd15-d023-4270-8ccf-94d1eb201795	GET	/auth/refresh	http://localhost:3000
11-12-2023	14:33:23	baf3de83-f281-4edf-82d6-ef8f65ced37a	GET	/rent/props	http://localhost:3000
11-12-2023	14:33:23	8d25865f-9080-4286-8799-ebe71e2465de	GET	/buy/props	http://localhost:3000
11-12-2023	14:33:23	ec8df916-1cc5-422b-8377-7df02096295c	GET	/rent/props	http://localhost:3000
11-12-2023	14:33:23	15b563f7-44c7-4592-af86-e8799ed5f000	GET	/buy/props	http://localhost:3000
11-12-2023	14:33:58	72fbc901-a644-4912-936a-93d4c91d0fcc	GET	/rent/props	http://localhost:3000
11-12-2023	14:33:58	8edf3643-6cae-4ab4-946b-47742ecf9194	GET	/buy/props	http://localhost:3000
11-12-2023	14:34:04	45ba7353-19c9-4bc3-8f2a-6c63718b88ac	GET	/auth/refresh	http://localhost:3000
11-12-2023	14:34:04	b77699d2-009d-4967-9429-76739dc69a37	GET	/rent/props	http://localhost:3000
11-12-2023	14:34:04	346d69cd-66d3-435d-ba4e-6cd9ee7b3608	GET	/buy/props	http://localhost:3000
11-12-2023	14:34:04	d942406f-bfe2-4d19-bb7b-3792fb994076	GET	/buy/props	http://localhost:3000
11-12-2023	14:34:04	eb803c85-dc03-4a29-943d-8ca9c04e8f6a	GET	/rent/props	http://localhost:3000
11-12-2023	14:34:14	c124217f-ce87-4528-8834-cfa965988b4d	GET	/auth/refresh	http://localhost:3000
11-12-2023	14:34:14	b38490e7-70af-4864-8be5-7eaf85c83d1e	GET	/rent/props	http://localhost:3000
11-12-2023	14:34:14	69b0a39e-e756-4e44-bb18-8e692b9c2e1f	GET	/buy/props	http://localhost:3000
11-12-2023	14:34:14	2ee42d99-df39-48c6-a91b-fa73902ab946	GET	/buy/props	http://localhost:3000
11-12-2023	14:34:14	9d8ea8bb-9481-4b4c-ba18-f7e05a7ae639	GET	/rent/props	http://localhost:3000
11-12-2023	14:34:23	6aecbef6-63a2-400d-8066-099f4f1be259	GET	/rent/props	http://localhost:3000
11-12-2023	14:34:23	51fcacac-8b8c-4252-af4a-6edfdc0cd6d8	GET	/buy/props	http://localhost:3000
11-12-2023	14:34:25	4226e889-4c5f-4448-a7de-7b216e151ac8	GET	/rent/props	http://localhost:3000
11-12-2023	14:34:25	b5b7f967-a131-4144-8847-8220742679da	GET	/buy/props	http://localhost:3000
11-12-2023	14:34:30	ef1308d3-972b-4daa-bc87-7a4ae45490c1	GET	/auth/refresh	http://localhost:3000
11-12-2023	14:34:30	d0fce03a-b224-4cf1-bce8-f42e5892cc80	GET	/rent/props	http://localhost:3000
11-12-2023	14:34:30	32c35cff-f501-442e-a47d-6c0f7d0e98ab	GET	/buy/props	http://localhost:3000
11-12-2023	14:34:30	b79c5e8f-a9f1-4a9c-9125-d1a2a92df7ed	GET	/buy/props	http://localhost:3000
11-12-2023	14:34:30	28d535f5-db1b-4022-85c9-c0f3ff1b53f6	GET	/rent/props	http://localhost:3000
11-12-2023	14:34:57	55e59007-0ce7-43c3-8fdd-9f3db8954f56	GET	/rent/props	http://localhost:3000
11-12-2023	14:34:57	7d033235-02cf-400f-95f7-49291bfc3f7e	GET	/buy/props	http://localhost:3000
11-12-2023	14:35:02	bf596213-ffc5-4f6c-8ab4-0351d0cc04bf	GET	/auth/refresh	http://localhost:3000
11-12-2023	14:35:02	5e28528a-3748-478d-ad63-b1582811f105	GET	/rent/props	http://localhost:3000
11-12-2023	14:35:02	aca82a48-0b03-43a6-a1bc-4b11947cf6e4	GET	/buy/props	http://localhost:3000
11-12-2023	14:35:02	ab2422ae-be1a-4ded-8e07-c4e3c8e917d7	GET	/buy/props	http://localhost:3000
11-12-2023	14:35:02	31f5c531-452a-480b-b34a-3959240c0019	GET	/rent/props	http://localhost:3000
11-12-2023	14:35:13	e866e7a7-5995-478a-9db9-8985020fc0d3	GET	/rent/props	http://localhost:3000
11-12-2023	14:35:13	98946a0d-72c8-40f8-87aa-1103aca604c6	GET	/buy/props	http://localhost:3000
11-12-2023	14:35:18	a97b5e96-e14f-481e-8cb0-befd572b3dae	GET	/auth/refresh	http://localhost:3000
11-12-2023	14:35:18	7c159e06-d0d5-4d5b-93c8-eeb29629327b	GET	/rent/props	http://localhost:3000
11-12-2023	14:35:18	833b4ec8-56f0-4100-90d8-ab6709da6b11	GET	/buy/props	http://localhost:3000
11-12-2023	14:35:18	9e37e679-56f5-4527-bb72-45717da9d04a	GET	/rent/props	http://localhost:3000
11-12-2023	14:35:18	cf63ee83-c0e4-4551-9b66-9178371e689b	GET	/buy/props	http://localhost:3000
11-12-2023	14:35:52	689b5338-2bb7-4276-a425-a3d5b0b6acd9	GET	/rent/props	http://localhost:3000
11-12-2023	14:35:52	c4000cf3-9a7b-4655-864e-34f912f7d34f	GET	/buy/props	http://localhost:3000
11-12-2023	14:36:34	0869eec3-d22a-49e4-85d1-2c43701ff400	GET	/rent/props	http://localhost:3000
11-12-2023	14:36:34	9a82ee56-f449-4c82-9a8f-eab3bb5b4e29	GET	/buy/props	http://localhost:3000
11-12-2023	14:36:34	47ea09ad-0c4e-4e08-a097-7916fe65d78a	GET	/rent/props	http://localhost:3000
11-12-2023	14:36:34	5b591311-83ae-43a2-9d64-13bafae54e17	GET	/buy/props	http://localhost:3000
11-12-2023	14:38:04	a677b124-dc00-466d-9954-2ef7fa6a0b6a	GET	/rent/props	http://localhost:3000
11-12-2023	14:38:04	788b2553-38a7-4b64-875e-4e16b0e5513e	GET	/buy/props	http://localhost:3000
11-12-2023	14:38:04	07288303-e7ac-437b-b10f-1e8001ce1e0e	GET	/buy/props	http://localhost:3000
11-12-2023	14:38:04	67bbab8f-3e8e-4076-9568-000f7dc28e1c	GET	/rent/props	http://localhost:3000
11-12-2023	14:39:25	1b18cb8e-d63f-4805-ad65-92dd58db34f6	GET	/auth/refresh	http://localhost:3000
11-12-2023	14:39:40	b1bce659-bbc7-4870-a2d9-de154e8bee89	GET	/auth/refresh	http://localhost:3000
11-12-2023	14:39:40	6db88a55-cafc-457f-b0ef-a5eaa695f5d6	GET	/rent/props	http://localhost:3000
11-12-2023	14:39:40	9cf90f6a-2991-4d92-bc95-5851beae9283	GET	/buy/props	http://localhost:3000
11-12-2023	14:39:41	36f32e4d-468f-418a-9921-f86710ecee56	GET	/buy/props	http://localhost:3000
11-12-2023	14:39:41	2fd3eab5-744a-429d-9ee4-4ca5e3e8a393	GET	/rent/props	http://localhost:3000
11-12-2023	14:40:07	d23b1e94-9b8f-4465-a91f-050f78e1edef	GET	/rent/props	http://localhost:3000
11-12-2023	14:40:07	05038fe4-1d7a-422e-a86d-4b947b449f18	GET	/buy/props	http://localhost:3000
11-12-2023	14:40:16	89b0779e-fb28-46d2-93ab-e9b3ca1a9abd	GET	/rent/props	http://localhost:3000
11-12-2023	14:40:16	23df313a-fc0e-49e4-9385-85274ccb9375	GET	/buy/props	http://localhost:3000
11-12-2023	14:43:11	3060d85e-c8fa-4655-86c1-057162d5a3d4	GET	/rent/props	http://localhost:3000
11-12-2023	14:43:11	ca7a8342-008e-47fb-81d6-50de52fd28db	GET	/buy/props	http://localhost:3000
11-12-2023	14:44:01	1be46775-c1e5-4956-8e3d-64755c54b4a5	GET	/auth/refresh	http://localhost:3000
11-12-2023	14:44:01	db43725d-49af-49c9-b7d6-e0bf9c07c4c3	GET	/buy/props	http://localhost:3000
11-12-2023	14:44:01	8d1bf7c0-d229-4bf9-bede-d3b17bc80837	GET	/rent/props	http://localhost:3000
11-12-2023	14:44:01	57ffdb04-e4a2-427e-a2eb-535d92c68b6c	GET	/buy/props	http://localhost:3000
11-12-2023	14:44:01	b8f28276-4d87-4c7a-8427-c1dd621242a7	GET	/rent/props	http://localhost:3000
11-12-2023	14:44:19	f4a8c35d-e700-435d-bb6c-c429f9e4e66f	GET	/rent/props	http://localhost:3000
11-12-2023	14:44:19	65d51f45-4f66-4404-bd60-d3aa7a8b75c7	GET	/buy/props	http://localhost:3000
11-12-2023	14:44:19	3776dd44-414b-4b2e-b305-47f64aae64b2	GET	/rent/props	http://localhost:3000
11-12-2023	14:44:19	e69d26bf-27c8-4f9e-a29e-ac30a5bd9962	GET	/buy/props	http://localhost:3000
11-12-2023	14:46:02	f5e931df-5b7f-4058-831a-312ace5ee299	GET	/rent/props	http://localhost:3000
11-12-2023	14:46:02	fbbf74f1-69af-40a4-b011-54d64a8ab87c	GET	/buy/props	http://localhost:3000
11-12-2023	14:46:14	e782a8b9-25c0-4239-a22a-00eae932a98e	GET	/rent/props	http://localhost:3000
11-12-2023	14:46:14	1e39f80b-b663-43f0-ac62-0da318f6a4ad	GET	/buy/props	http://localhost:3000
11-12-2023	14:48:37	80cddac9-b92a-4765-8709-076c5d346ac2	GET	/auth/refresh	http://localhost:3000
11-12-2023	14:48:37	f7867b87-0ae6-42a9-8279-da35f67b9ae0	GET	/rent/props	http://localhost:3000
11-12-2023	14:48:37	bbd67a17-85e0-463d-aabd-bc395ce7c10e	GET	/buy/props	http://localhost:3000
11-12-2023	14:48:37	a8ef8fe8-777c-45a2-a67b-021ae2e94b17	GET	/buy/props	http://localhost:3000
11-12-2023	14:48:37	ef9b9125-81e1-4e57-b295-1ef6889276a9	GET	/rent/props	http://localhost:3000
11-12-2023	14:49:47	695c5676-3184-4c80-b734-d57a608b21f1	GET	/rent/props	http://localhost:3000
11-12-2023	14:49:47	bae979e1-8d9f-443f-ad20-04b51d1956a4	GET	/buy/props	http://localhost:3000
11-12-2023	14:49:56	ade8be78-c5d7-464f-ba06-4dc7c198a933	GET	/rent/props	http://localhost:3000
11-12-2023	14:49:56	5c9b5072-d638-4b3a-8b00-12ec09cdab89	GET	/buy/props	http://localhost:3000
11-12-2023	14:49:56	db69bdeb-7732-4560-b558-a77b8a71be73	GET	/buy/props	http://localhost:3000
11-12-2023	14:49:56	e0eefad0-a8ea-4ab4-b4f9-004012a656d8	GET	/rent/props	http://localhost:3000
11-12-2023	14:50:11	c074ddc8-f49f-4ee6-8602-320a06c63e57	GET	/rent/props	http://localhost:3000
11-12-2023	14:50:11	09950da2-00a6-476f-8788-8dfeca4f19a8	GET	/buy/props	http://localhost:3000
11-12-2023	14:50:21	4db45635-618a-4dfc-b390-68f06e81d82b	GET	/auth/refresh	http://localhost:3000
11-12-2023	14:50:21	3932d821-c25d-42ef-9acd-c974a7ec7d84	GET	/rent/props	http://localhost:3000
11-12-2023	14:50:21	a64a9830-df1c-4573-ad3a-b65013981e0f	GET	/buy/props	http://localhost:3000
11-12-2023	14:50:21	c111bb98-7bb9-4a10-92ad-9b8e280d00f9	GET	/rent/props	http://localhost:3000
11-12-2023	14:50:22	82b15e10-ffcc-4419-84e8-89312e639282	GET	/buy/props	http://localhost:3000
11-12-2023	14:50:46	bb4dafbf-f838-4116-b3ac-c4a2a80c50cd	GET	/rent/props	http://localhost:3000
11-12-2023	14:50:46	b99c256e-e126-42ad-8502-2f82e58fd5ce	GET	/buy/props	http://localhost:3000
11-12-2023	14:53:52	e5f61911-372f-48a2-938a-bc2c91c10006	GET	/props/655b4db47eee8ff9a707e1a9	http://localhost:3000
11-12-2023	14:53:52	f07331bb-7599-4636-8ee6-dceda416ed4b	GET	/props/655b4db47eee8ff9a707e1a9	http://localhost:3000
11-12-2023	14:54:50	82d9adf0-beff-437c-b06c-c23743173a4e	GET	/rent/props	http://localhost:3000
11-12-2023	14:54:50	43447268-138a-42a1-9b4b-84bcc8e5b63d	GET	/buy/props	http://localhost:3000
11-12-2023	14:54:51	6311a6bd-0e6d-4512-95cc-97422d1ba3b5	GET	/buy/props	http://localhost:3000
11-12-2023	14:54:51	f340fa9c-6de9-4573-8461-be13b2e0e24f	GET	/rent/props	http://localhost:3000
11-12-2023	14:55:02	23b2e5ab-d378-4ce6-a166-e7713e41816e	GET	/auth/refresh	http://localhost:3000
11-12-2023	14:55:02	35ea4221-0751-498b-9866-02fbdc7933b2	GET	/rent/props	http://localhost:3000
11-12-2023	14:55:02	d2e6f6f2-6f20-423e-a466-27e3fa8dafa2	GET	/buy/props	http://localhost:3000
11-12-2023	14:55:02	a8a08025-b1f9-45b4-937f-40d68e3a955c	GET	/rent/props	http://localhost:3000
11-12-2023	14:55:02	8a3a723e-571d-4134-b5b1-ce636ab67584	GET	/buy/props	http://localhost:3000
11-12-2023	14:55:25	426531a6-a125-4ca6-87a5-d4c61053f57a	GET	/rent/6558f4e50c6af0ba62c2615b	http://localhost:3000
11-12-2023	14:55:25	415545bd-6a42-439f-b5b8-85ed9ebfc9a7	GET	/rent/6558f4e50c6af0ba62c2615b	http://localhost:3000
11-12-2023	14:56:22	ff60b398-6f79-4d09-b3bb-8996aee2a16f	GET	/rent/props	http://localhost:3000
11-12-2023	14:56:22	c257a98a-c964-4bf3-87d3-94adc584bd1e	GET	/buy/props	http://localhost:3000
11-12-2023	14:56:23	e150408d-d3f4-4c6c-909f-99318889f0a4	GET	/buy/props	http://localhost:3000
11-12-2023	14:56:23	dd8ecf04-44ef-4031-a757-63a90fb702a6	GET	/rent/props	http://localhost:3000
11-12-2023	14:56:25	e1210812-e3f2-452a-948e-8ff9de5013b7	GET	/buy/655a19ce9d62b1d975cc20dd	http://localhost:3000
11-12-2023	14:56:25	cfd44db6-d7a3-4f65-9af3-4ab8c9f88468	GET	/buy/655a19ce9d62b1d975cc20dd	http://localhost:3000
11-12-2023	14:56:31	ef66045a-857a-424d-8b3a-ef22e0a2d40b	GET	/rent/props	http://localhost:3000
11-12-2023	14:56:31	1b775c39-5ab7-47b0-bab0-35b77b91b285	GET	/buy/props	http://localhost:3000
11-12-2023	14:56:32	d7ad3720-b71b-4862-aae7-5d1f42692fd4	GET	/buy/props	http://localhost:3000
11-12-2023	14:56:32	2bd4f9d8-e77a-4869-9a1f-322cea5a1e5f	GET	/rent/props	http://localhost:3000
11-12-2023	14:56:34	132afeee-7629-4595-9032-a4c3efee2ea6	GET	/rent/6558f18c0c6af0ba62c26114	http://localhost:3000
11-12-2023	14:56:34	5d7d33d6-514e-4c5b-bbca-2ae2b029fabd	GET	/rent/6558f18c0c6af0ba62c26114	http://localhost:3000
11-12-2023	15:02:00	a3984cc8-2f41-4dda-9763-0ca43bf70eeb	GET	/auth/refresh	http://localhost:3000
11-12-2023	15:02:00	2c503a3f-dff9-49d3-88fc-b4b0560a07a0	GET	/rent/6558f18c0c6af0ba62c26114	http://localhost:3000
11-12-2023	15:02:00	24a6972d-6dca-4bd2-b9e7-f7864e83b8c9	GET	/rent/6558f18c0c6af0ba62c26114	http://localhost:3000
11-12-2023	15:03:40	b991e36d-eff9-49bb-a248-ad49cb2af84b	GET	/auth/refresh	http://localhost:3000
11-12-2023	15:03:41	de6c79d5-2a4f-4263-864c-404b43b78ba1	GET	/rent/6558f18c0c6af0ba62c26114	http://localhost:3000
11-12-2023	15:03:41	506b2db4-e6a2-4b22-b613-3642e8ed1bd8	GET	/rent/6558f18c0c6af0ba62c26114	http://localhost:3000
11-12-2023	15:05:11	5cc7b307-f046-4532-9227-78757d3e8369	GET	/rent/6558f18c0c6af0ba62c26114	http://localhost:3000
11-12-2023	15:06:29	6d8b1c89-f8b4-45d7-8a1e-12955fb14b24	GET	/rent/6558f18c0c6af0ba62c26114	http://localhost:3000
11-12-2023	15:10:34	c209ade3-0740-449d-b756-55acc1053da8	GET	/rent/6558f18c0c6af0ba62c26114	http://localhost:3000
11-12-2023	15:11:40	6e0a329d-f1df-4baf-8644-21e2a68a359f	GET	/rent/6558f18c0c6af0ba62c26114	http://localhost:3000
11-12-2023	15:13:07	7da0bbd9-91f5-4055-8e61-fa642d309c97	GET	/rent/6558f18c0c6af0ba62c26114	http://localhost:3000
11-12-2023	15:13:33	b750927b-04b6-4d1a-a2c8-f3fcebe8225f	GET	/rent/6558f18c0c6af0ba62c26114	http://localhost:3000
11-12-2023	15:14:22	ebc16bd6-35d1-47dc-969c-d1d07f4eae47	GET	/rent/props	http://localhost:3000
11-12-2023	15:14:22	38f97582-17e3-454d-9082-ea66db264512	GET	/buy/props	http://localhost:3000
11-12-2023	15:14:22	5273ba4b-d402-4832-b8d5-3a29dfb387b2	GET	/rent/props	http://localhost:3000
11-12-2023	15:14:22	181c87d9-0b57-487b-b6bf-5f90b0605e13	GET	/buy/props	http://localhost:3000
11-12-2023	15:14:25	47cbdf40-632d-4d2c-8009-8fa80f595cd5	GET	/buy/655a19ce9d62b1d975cc20dd	http://localhost:3000
11-12-2023	15:14:25	62536c0c-2b3c-4f86-9051-146a6db2a5a8	GET	/buy/655a19ce9d62b1d975cc20dd	http://localhost:3000
11-12-2023	15:14:33	94489f74-90c7-47d5-841f-4bc8eea164c5	GET	/rent/props	http://localhost:3000
11-12-2023	15:14:33	a08424b4-5cf9-46b0-b690-0965fdfcd2ea	GET	/buy/props	http://localhost:3000
11-12-2023	15:14:33	290f5b93-c7bb-495d-8310-b826a28263d9	GET	/rent/props	http://localhost:3000
11-12-2023	15:14:33	3bdbe872-a422-4cef-a034-4f74cf06b806	GET	/buy/props	http://localhost:3000
11-12-2023	15:14:34	9fb7b093-7467-40a3-9214-066f2ede0868	GET	/rent/6558f4e50c6af0ba62c2615b	http://localhost:3000
11-12-2023	15:14:34	ef8533be-e8e0-43a0-827c-9cb4e4773997	GET	/rent/6558f4e50c6af0ba62c2615b	http://localhost:3000
11-12-2023	15:14:38	042dc7d9-fd1d-4442-bbd7-9140c23b0b40	GET	/rent/props	http://localhost:3000
11-12-2023	15:14:38	6e357464-4bbd-4197-a047-7932ca1d3495	GET	/buy/props	http://localhost:3000
11-12-2023	15:14:38	0419492c-79f4-4f60-9b3e-46dae93e9424	GET	/buy/props	http://localhost:3000
11-12-2023	15:14:38	61c32bd9-94db-4708-b5a0-ff55a47af3ac	GET	/rent/props	http://localhost:3000
11-12-2023	15:14:40	7fdce681-441b-4180-9a44-c8b2ac0d5b82	GET	/buy/655a19ce9d62b1d975cc20dd	http://localhost:3000
11-12-2023	15:14:40	06c1f545-b0c5-471c-915b-91b799a83ce7	GET	/buy/655a19ce9d62b1d975cc20dd	http://localhost:3000
11-12-2023	15:14:44	8f5545bc-606c-456b-9b5d-5712a4d3a430	GET	/rent/props	http://localhost:3000
11-12-2023	15:14:44	71d4e054-6e08-4dc6-a728-4d5c9a9b2474	GET	/buy/props	http://localhost:3000
11-12-2023	15:14:44	28d34d49-1c09-4d69-b47b-0ae614052e14	GET	/rent/props	http://localhost:3000
11-12-2023	15:14:44	02d8c0cf-cb00-4082-9465-c71ea4895ced	GET	/buy/props	http://localhost:3000
11-12-2023	15:14:45	669a91fe-fbd3-4ea1-bb0c-7498c672303c	GET	/buy/655a19ce9d62b1d975cc20dd	http://localhost:3000
11-12-2023	15:14:45	1966c9f6-8125-4ae3-8069-870df40ccb71	GET	/buy/655a19ce9d62b1d975cc20dd	http://localhost:3000
11-12-2023	15:14:50	c3f35cf9-4510-4cde-9a5b-4a52076a47e5	GET	/rent/props	http://localhost:3000
11-12-2023	15:14:50	5f6a02f8-3035-4a4e-8473-f36f15a32125	GET	/buy/props	http://localhost:3000
11-12-2023	15:14:50	cd308212-c54b-4ac2-b777-a5f2fc96ef5e	GET	/buy/props	http://localhost:3000
11-12-2023	15:14:50	6d7a09b3-f8cd-4912-978f-f530cb981162	GET	/rent/props	http://localhost:3000
11-12-2023	15:14:51	82bb1a9d-f69a-4964-9ad3-b7d6e1a43adb	GET	/rent/655b6e4b9b39efd091a34350	http://localhost:3000
11-12-2023	15:14:52	680c956e-c8b8-44a6-bd06-2e0166e0eea2	GET	/rent/655b6e4b9b39efd091a34350	http://localhost:3000
11-12-2023	15:14:58	ca55329e-0c4a-46fb-95a5-de74fffabc80	GET	/rent/props	http://localhost:3000
11-12-2023	15:14:58	2c615761-e9af-4609-b64b-cd344a5c9282	GET	/buy/props	http://localhost:3000
11-12-2023	15:14:58	a7173a00-a2ca-4e85-b47d-613c161709cd	GET	/buy/props	http://localhost:3000
11-12-2023	15:14:58	2241a47a-ec81-4a50-bff2-a5c144742d82	GET	/rent/props	http://localhost:3000
11-12-2023	15:16:07	c782ad4c-279b-4fbf-b97c-e42787b085c1	GET	/rent/654183eb90100288c77ed507	http://localhost:3000
11-12-2023	15:16:08	3b2eef61-291b-4685-9058-f27b2ca52486	GET	/rent/654183eb90100288c77ed507	http://localhost:3000
11-12-2023	15:17:52	2f51a54b-94d2-47b6-aa3f-012b79e3fd2e	GET	/rent/props	http://localhost:3000
11-12-2023	15:17:52	0b07b495-204a-4217-a376-4ce438729a4c	GET	/buy/props	http://localhost:3000
11-12-2023	15:17:52	ba0101d8-9ac3-4f8e-baee-b6ccf4fbbe6a	GET	/rent/props	http://localhost:3000
11-12-2023	15:17:52	48fece45-ff12-4dad-8ede-7e2543f63ea4	GET	/buy/props	http://localhost:3000
11-12-2023	15:17:53	2253c47a-a928-4004-ba7d-f48cea8f23a6	GET	/buy/655a19ce9d62b1d975cc20dd	http://localhost:3000
11-12-2023	15:17:54	c56142f1-4621-42ce-83fa-43a07c00d78e	GET	/buy/655a19ce9d62b1d975cc20dd	http://localhost:3000
11-12-2023	15:18:21	f2771561-4ef5-478b-8bfe-87b8c5f33eaa	GET	/buy/655a19ce9d62b1d975cc20dd	http://localhost:3000
11-12-2023	15:18:23	940b0496-9040-49f2-b927-aee919b57428	GET	/buy/655a19ce9d62b1d975cc20dd	http://localhost:3000
11-12-2023	15:18:51	6bdcfc6f-d592-4a10-90ca-d69339396ba7	GET	/buy/655a19ce9d62b1d975cc20dd	http://localhost:3000
11-12-2023	15:19:39	31523619-fdfe-41a9-a828-ae4245d75542	GET	/buy/655a19ce9d62b1d975cc20dd	http://localhost:3000
11-12-2023	15:19:57	4b4458c5-a6b5-418d-839e-2c7e32eb2476	GET	/buy/655a19ce9d62b1d975cc20dd	http://localhost:3000
11-12-2023	15:20:24	a0b67fda-8583-4230-8e10-a9b8b1a592a6	GET	/buy/655a19ce9d62b1d975cc20dd	http://localhost:3000
11-12-2023	15:21:34	ba9f894d-476c-4747-9f77-7d34fc20c339	GET	/buy/655a19ce9d62b1d975cc20dd	http://localhost:3000
11-12-2023	15:21:46	667d5898-e351-4a24-9f50-9833c15f134b	GET	/buy/655a19ce9d62b1d975cc20dd	http://localhost:3000
11-12-2023	15:22:12	6b3952cd-6bdc-4f0a-a88e-e693435ed386	GET	/auth/refresh	http://localhost:3000
11-12-2023	15:22:12	0737869b-358f-4684-9be9-375a04dbe588	GET	/buy/655a19ce9d62b1d975cc20dd	http://localhost:3000
11-12-2023	15:22:12	26a3b097-4e5e-4f1a-9e77-51d702f0d9e4	GET	/buy/655a19ce9d62b1d975cc20dd	http://localhost:3000
11-12-2023	15:22:37	26f39aa9-21be-4b45-b6cf-3cc3ad2833da	OPTIONS	/auth/logout	http://localhost:3000
11-12-2023	15:22:37	1d1b611e-b2e6-4d53-a8bd-5d6c43158a56	POST	/auth/logout	http://localhost:3000
11-12-2023	15:22:38	8c1dac6f-83bf-49d1-98d3-bc978f79c96b	GET	/auth/refresh	http://localhost:3000
11-12-2023	15:26:33	c57c2acf-81c4-460c-817c-c6a12b1cc88d	GET	/rent/props	http://localhost:3000
11-12-2023	15:26:33	386de8ba-87fe-4054-b303-9860e0d21df6	GET	/buy/props	http://localhost:3000
11-12-2023	15:26:33	18498878-5c4b-4ea5-a320-42c0ddd3dd4d	GET	/rent/props	http://localhost:3000
11-12-2023	15:26:33	11da3049-cbf4-4bc1-b8fa-40141a70e6f8	GET	/buy/props	http://localhost:3000
11-12-2023	15:26:34	092d428c-560d-4141-aaf9-01dadaae6e36	GET	/buy/655a19ce9d62b1d975cc20dd	http://localhost:3000
11-12-2023	15:26:35	8d652a8e-c126-4683-b22b-f6da0d34ba04	GET	/buy/655a19ce9d62b1d975cc20dd	http://localhost:3000
11-12-2023	15:26:49	2b823023-51da-451f-abf8-5526e43cd346	GET	/rent/props	http://localhost:3000
11-12-2023	15:26:49	894f4f78-1244-4322-b986-2706bc2352e5	GET	/buy/props	http://localhost:3000
11-12-2023	15:26:49	6d231d8e-f61b-481e-a9bf-062fae239381	GET	/rent/props	http://localhost:3000
11-12-2023	15:26:49	0d2bd199-86d4-4bd3-830e-c94c16e8a759	GET	/buy/props	http://localhost:3000
11-12-2023	15:26:52	c6eb28d6-57fd-463d-9de0-513c7bace5d2	GET	/rent/654183eb90100288c77ed507	http://localhost:3000
11-12-2023	15:26:52	4989da42-83b1-4235-8c84-c34b6712b395	GET	/rent/654183eb90100288c77ed507	http://localhost:3000
11-12-2023	15:26:56	61c79850-e661-41f1-9f10-7cf9cf61ff88	GET	/rent/props	http://localhost:3000
11-12-2023	15:26:56	ee9f82e1-5c9b-46cf-ad3c-38fcf57bd55d	GET	/buy/props	http://localhost:3000
11-12-2023	15:26:56	44028cc8-c031-4e25-afb5-32ea867a1b69	GET	/rent/props	http://localhost:3000
11-12-2023	15:26:56	0524d74b-12df-4ceb-8d34-b38a4d0fd305	GET	/buy/props	http://localhost:3000
11-12-2023	15:35:10	ced51409-6915-428a-8090-6c5299c3936b	GET	/auth/refresh	http://localhost:3000
11-12-2023	15:35:10	b5cb3a6a-29f6-498d-a8bb-520deb8c72ba	GET	/rent/props	http://localhost:3000
11-12-2023	15:35:10	83c0f5e6-6e3c-4f6c-a359-6209ac5350d4	GET	/buy/props	http://localhost:3000
11-12-2023	15:35:11	d91763a3-51e1-41f8-9e19-c9bf5c6b5ba1	GET	/buy/props	http://localhost:3000
11-12-2023	15:35:11	0010529e-f2b7-49e1-abf9-2e39fc2385ee	GET	/rent/props	http://localhost:3000
11-12-2023	15:36:46	a8bdebaf-07e8-4eb0-8559-e34832a55a82	GET	/auth/refresh	http://localhost:3000
11-12-2023	15:36:46	b3d9c893-7d50-4a5e-b986-f577781b3ce3	GET	/rent/props	http://localhost:3000
11-12-2023	15:36:46	7a806c72-ef11-4bef-b1f8-b826da20ce1c	GET	/buy/props	http://localhost:3000
11-12-2023	15:36:46	8a409b20-3239-4b42-a900-9126d7d7177e	GET	/buy/props	http://localhost:3000
11-12-2023	15:36:47	54fd5267-3db3-4b21-93ca-b8d7d7ed2cab	GET	/rent/props	http://localhost:3000
11-12-2023	15:37:01	98c09a34-1ba4-49f2-b539-1da1aa46d446	GET	/buy/655a19ce9d62b1d975cc20dd	http://localhost:3000
11-12-2023	15:37:01	4828ff68-8e37-4539-b79b-fec3b4ede98c	GET	/buy/655a19ce9d62b1d975cc20dd	http://localhost:3000
11-12-2023	15:37:15	61df9f45-e45a-47e6-b876-ec8a368c3e6e	GET	/rent/props	http://localhost:3000
11-12-2023	15:37:15	1eb6c49e-62f2-413d-917d-640a5c9c1cb8	GET	/buy/props	http://localhost:3000
11-12-2023	15:37:15	fb948631-8b9c-49b9-bd55-b597148f2521	GET	/buy/props	http://localhost:3000
11-12-2023	15:37:15	efb86a85-2950-4011-b455-febf1888bdef	GET	/rent/props	http://localhost:3000
11-12-2023	15:38:54	ef4e4107-8ec3-4489-b91d-fe01038452aa	GET	/rent/props	http://localhost:3000
11-12-2023	15:38:54	ba92f630-eb87-46ed-90ff-5b151f8a765b	GET	/buy/props	http://localhost:3000
11-12-2023	15:38:55	adcd0688-6470-468f-875b-dcffa5a6e18e	GET	/buy/props	http://localhost:3000
11-12-2023	15:38:55	1b6b78da-7dec-4d98-8b05-a5eb03e74e6e	GET	/rent/props	http://localhost:3000
11-12-2023	15:41:59	3e3df4b8-280d-4bab-9e4c-03f1fc93344d	GET	/auth/refresh	http://localhost:3000
11-12-2023	15:55:29	a64ba9ca-ccdc-488a-8e9e-5bfe74b4f0af	GET	/auth/refresh	http://localhost:3000
11-12-2023	16:01:16	ab017d23-1562-4e76-b59b-0b8ac5256e94	OPTIONS	/auth	http://localhost:3000
11-12-2023	16:01:16	51490468-3655-46a6-9a8f-c70889308797	POST	/auth	http://localhost:3000
11-12-2023	16:05:08	1bbb84cb-b8b2-47a5-9e8a-20e820173c32	GET	/users/65411d46cebf8b8325d46c7d	http://localhost:3000
11-12-2023	16:05:08	cebc6ecc-e8d4-4fe4-b75b-5d838e29ba77	GET	/users/65411d46cebf8b8325d46c7d	http://localhost:3000
11-12-2023	16:05:09	1e78b100-a34f-4f2f-ba05-79f0e2458845	GET	/users/65411d46cebf8b8325d46c7d	http://localhost:3000
11-12-2023	16:05:09	f53225d8-2232-44ad-9125-2d372af86039	GET	/users/65411d46cebf8b8325d46c7d	http://localhost:3000
11-12-2023	16:05:09	49a67c64-c082-449a-85c9-6cba2b2f83a8	GET	/users/65411d46cebf8b8325d46c7d	http://localhost:3000
11-12-2023	16:05:09	928f01c4-41e1-480f-8635-bbc6ffa05078	GET	/users/65411d46cebf8b8325d46c7d	http://localhost:3000
11-12-2023	16:05:10	3f288290-29ba-4641-9baf-253243fed196	GET	/users/65411d46cebf8b8325d46c7d	http://localhost:3000
11-12-2023	16:05:10	10ce16de-51d4-4ca4-bc87-dd38ce81f8cd	GET	/users/65411d46cebf8b8325d46c7d	http://localhost:3000
11-12-2023	16:05:10	a53193c6-69f2-41ed-8d5d-c591a68a4a41	GET	/users/65411d46cebf8b8325d46c7d	http://localhost:3000
11-12-2023	16:05:10	1b3e48d5-cd77-470c-a78d-102aad67623e	GET	/users/65411d46cebf8b8325d46c7d	http://localhost:3000
11-12-2023	16:05:11	a1accad5-a43c-4392-8d63-0d7649b16645	GET	/users/65411d46cebf8b8325d46c7d	http://localhost:3000
11-12-2023	16:05:11	5593f1e7-b69c-4b15-bc0a-5013a02a212e	GET	/users/65411d46cebf8b8325d46c7d	http://localhost:3000
11-12-2023	16:05:11	5b6edd28-64b7-4c83-9c3d-b6848d9d77f6	GET	/users/65411d46cebf8b8325d46c7d	http://localhost:3000
11-12-2023	16:05:11	1b9f782c-8361-4951-8134-18aed3b9f6e9	GET	/users/65411d46cebf8b8325d46c7d	http://localhost:3000
11-12-2023	16:05:12	6bc704af-acfc-4a64-9c3a-0b6720d2756d	GET	/users/65411d46cebf8b8325d46c7d	http://localhost:3000
11-12-2023	16:05:12	f2b2b164-3333-4598-bdf1-5d3ff41df2d5	GET	/users/65411d46cebf8b8325d46c7d	http://localhost:3000
11-12-2023	16:05:12	52e20211-21c4-4317-aff1-89b009bfc9dd	GET	/users/65411d46cebf8b8325d46c7d	http://localhost:3000
11-12-2023	16:05:12	b025952d-4c10-4a4d-89b0-65eef013c5e8	GET	/users/65411d46cebf8b8325d46c7d	http://localhost:3000
11-12-2023	16:20:31	1eb49b75-37e4-422f-8912-411b3f4d8154	GET	/auth/refresh	http://localhost:3000
11-12-2023	16:22:49	ec11a66f-5b13-41f5-b146-9c298fa50de7	GET	/auth/refresh	http://localhost:3000
11-12-2023	16:23:36	204a6893-63cb-4d8e-acc5-3cec67d05ea9	GET	/auth/refresh	http://localhost:3000
11-12-2023	16:25:00	03da3905-3b93-4ac7-bcee-551e4a50d443	GET	/auth/refresh	http://localhost:3000
11-12-2023	16:34:00	0670cd2d-5ef8-46de-b959-c446f43b1418	GET	/auth/refresh	http://localhost:3000
11-12-2023	16:34:19	43b7b9f9-b680-4d69-80ab-cad6eaa197dc	GET	/auth/refresh	http://localhost:3000
11-12-2023	16:34:56	811309f9-39bf-4771-942d-53e2dfb090a0	GET	/auth/refresh	http://localhost:3000
11-12-2023	16:37:37	f1b2fa46-6890-41cd-b85a-93725db8fedd	GET	/auth/refresh	http://localhost:3000
11-12-2023	16:45:19	0b4ffa3b-6dab-4a3e-a7d2-a202971bb494	GET	/auth/refresh	http://localhost:3000
11-12-2023	16:52:45	a67e211f-5c8a-4600-8ae1-a87e0f38ec13	GET	/auth/refresh	http://localhost:3000
11-12-2023	16:56:17	c5d8620d-f174-4c5b-becb-01fac3839bf3	GET	/auth/refresh	http://localhost:3000
11-12-2023	16:56:40	957fcbb7-2211-42ed-8909-189e6a4241cf	GET	/auth/refresh	http://localhost:3000
11-12-2023	17:14:13	883da65f-b58f-473a-a833-be99a8957224	GET	/auth/refresh	http://localhost:3000
11-12-2023	17:41:20	3c374e59-e29b-4eda-988b-88bdc4b615d9	OPTIONS	/auth/logout	http://localhost:3000
11-12-2023	17:41:20	d61b3851-80a2-4ba7-bc10-62089c9619dd	POST	/auth/logout	http://localhost:3000
11-12-2023	17:41:23	1e936460-8325-494e-9366-9a43a3cbf462	GET	/auth/refresh	http://localhost:3000
11-12-2023	17:41:57	fc0ae66f-05ab-4e02-9d16-558ea917078e	OPTIONS	/auth	http://localhost:3000
11-12-2023	17:41:57	3f1dcfca-5892-4111-a05d-fe90d115544b	POST	/auth	http://localhost:3000
11-12-2023	17:44:02	a3e30bb2-87ae-4cd7-988f-1a447b2bb093	GET	/auth/refresh	http://localhost:3000
11-12-2023	17:44:08	db521cb9-f353-4b69-a493-5676bc39c084	OPTIONS	/auth/logout	http://localhost:3000
11-12-2023	17:44:08	f31f1254-a3d4-4f07-ad2c-0f9d424c1eff	POST	/auth/logout	http://localhost:3000
11-12-2023	17:44:09	b0d61896-2eb7-464b-ac87-42f5d1dea8ca	GET	/auth/refresh	http://localhost:3000
11-12-2023	17:44:30	daff7761-9991-420b-89aa-d52b63d8bea9	OPTIONS	/auth	http://localhost:3000
11-12-2023	17:44:30	78c4e0e8-cf2e-4042-8c04-5444d13d0924	POST	/auth	http://localhost:3000
11-12-2023	17:44:42	0df21aaa-c137-45dc-8973-dd51526a748c	GET	/auth/refresh	http://localhost:3000
11-12-2023	17:45:07	9aa97f7f-26db-4984-983b-48de79b0bcf1	OPTIONS	/auth	http://localhost:3000
11-12-2023	17:45:07	f130b158-31b9-4a90-9d74-4ad572cc0789	POST	/auth	http://localhost:3000
11-12-2023	17:45:18	88a8565d-cbb0-4488-997b-92bbb9227ff1	OPTIONS	/auth	http://localhost:3000
11-12-2023	17:45:18	e4cd355c-42ac-4de4-81c9-a90a2abc91f0	POST	/auth	http://localhost:3000
11-12-2023	17:54:24	5020c041-3cdc-4fe3-ad47-41a12e8f590a	OPTIONS	/users	http://localhost:3000
11-12-2023	17:54:24	4d8a0211-1d9e-4734-91ed-95602316d82c	GET	/users	http://localhost:3000
11-12-2023	17:54:25	8589c5c6-077c-4e33-bd9a-9cdf40ea5c1d	GET	/users	http://localhost:3000
11-12-2023	17:54:25	a72f57fc-064b-4da5-81e5-ee105b3a6617	GET	/users	http://localhost:3000
11-12-2023	17:54:26	dbd15330-638c-4023-9c86-bf280960e691	GET	/users	http://localhost:3000
11-12-2023	17:54:26	bdc03944-f231-4447-9139-f994a8873855	GET	/users	http://localhost:3000
11-12-2023	17:54:27	b0c2d265-1cae-41f1-9e80-82e8882601f3	GET	/users	http://localhost:3000
11-12-2023	17:54:27	c3d6364e-7537-4d0a-88e5-ddba251e96ea	GET	/users	http://localhost:3000
11-12-2023	17:54:28	0e6fa67e-cbab-4bde-ae80-f71d5c5e64d5	GET	/users	http://localhost:3000
11-12-2023	17:54:28	0d410c1a-eb31-4934-aec5-95f71c4f1555	GET	/users	http://localhost:3000
11-12-2023	17:54:29	4acf088a-c769-405f-be51-a13a03be13de	GET	/users	http://localhost:3000
11-12-2023	17:54:29	24a13e01-af15-451a-a5a7-4586ead4d59c	GET	/users	http://localhost:3000
11-12-2023	17:54:30	2f79ed9a-ccb2-4249-9628-6d33097358eb	GET	/users	http://localhost:3000
11-12-2023	17:54:30	1d02f7f1-675b-4621-9d07-0c12955a432e	GET	/users	http://localhost:3000
11-12-2023	17:54:31	5e263c38-3d8a-4aad-a5d4-c4608367c514	GET	/users	http://localhost:3000
11-12-2023	17:54:32	83b31fb5-9822-4691-97ab-f72609b5c380	GET	/users	http://localhost:3000
11-12-2023	17:54:33	7ad9527c-0319-482e-a75a-4d45cd44f49a	GET	/users	http://localhost:3000
11-12-2023	17:54:33	b9204029-c198-4a4f-83d4-dffdd15fcdf1	GET	/users	http://localhost:3000
11-12-2023	17:54:34	b850d30a-3b23-4859-9f66-d7e7f02c3eae	GET	/users	http://localhost:3000
11-12-2023	17:54:34	e35865cd-3beb-4b13-83f6-fcc180ad83ac	GET	/users	http://localhost:3000
11-12-2023	17:54:34	59e28a5a-902b-41d7-8032-9b43267ab60f	GET	/users/6558c96eb00359ff5b424696	http://localhost:3000
11-12-2023	17:54:34	dbdd8863-81be-4416-b7b3-e549005ce0bf	GET	/users/6558c96eb00359ff5b424696	http://localhost:3000
11-12-2023	17:54:34	5f324879-cf23-4975-ab46-03215d525d81	GET	/users/6558c96eb00359ff5b424696	http://localhost:3000
11-12-2023	17:54:34	1c364173-a3cf-4e51-925c-86feb271a17d	GET	/users/6558c96eb00359ff5b424696	http://localhost:3000
11-12-2023	17:54:34	f791cdf8-a580-40a9-a4df-aa8f8a4277a9	GET	/users/6558c96eb00359ff5b424696	http://localhost:3000
11-12-2023	17:54:34	7c053eb0-d976-4982-aa05-2dbb45f8eb67	GET	/users/6558c96eb00359ff5b424696	http://localhost:3000
11-12-2023	17:54:34	c3341e18-d57f-4de7-addc-1b1543202231	GET	/users/6558c96eb00359ff5b424696	http://localhost:3000
11-12-2023	17:54:34	62b011e6-6d8e-46f0-b500-707bb65b1f3e	GET	/users/6558c96eb00359ff5b424696	http://localhost:3000
11-12-2023	17:54:34	d5f705c7-1e8c-4115-9579-0e511e2be777	GET	/users/6558c96eb00359ff5b424696	http://localhost:3000
11-12-2023	17:54:34	e5583e03-60bc-4993-b2c6-f1e4681c8c1a	GET	/users/6558c96eb00359ff5b424696	http://localhost:3000
11-12-2023	17:54:34	4235b74a-279e-40d8-a67d-9275ff93fae9	GET	/users/6558c96eb00359ff5b424696	http://localhost:3000
11-12-2023	17:54:34	1f247319-b0b5-4b39-a9ce-e5affff2619c	GET	/users/6558c96eb00359ff5b424696	http://localhost:3000
11-12-2023	17:54:34	b09bcbaf-7dba-42a4-b739-0ec2780b1c3f	GET	/users/6558c96eb00359ff5b424696	http://localhost:3000
11-12-2023	17:54:34	55dee218-d1aa-4bc6-8eb4-361d17baad0f	GET	/users/6558c96eb00359ff5b424696	http://localhost:3000
11-12-2023	17:54:34	f8c6818e-d505-4648-98fd-129c53ef9407	GET	/users/6558c96eb00359ff5b424696	http://localhost:3000
11-12-2023	17:54:35	9f419503-5c8e-4178-b2f5-f93a2f20347e	GET	/users/6558c96eb00359ff5b424696	http://localhost:3000
11-12-2023	17:54:35	d49f6ceb-1775-4773-a8c8-e605ee8c9d52	GET	/users/6558c96eb00359ff5b424696	http://localhost:3000
11-12-2023	17:54:35	79ee34da-964d-4ce0-8d9e-eb7e491c41b2	GET	/users/6558c96eb00359ff5b424696	http://localhost:3000
11-12-2023	17:54:35	792b2e40-e91e-4517-97f9-6414706d75e2	GET	/users	http://localhost:3000
11-12-2023	17:54:35	fa771ee8-db24-47b3-ad9c-0d114f31ae0e	GET	/users/6558c96eb00359ff5b424696	http://localhost:3000
11-12-2023	17:54:35	6f3c0d7a-b5b0-4379-9dfd-7ae6ffb7ffb2	GET	/users	http://localhost:3000
11-12-2023	17:54:35	502d2a73-c8e5-4c74-916d-ee6f629e74d6	GET	/users/6558c96eb00359ff5b424696	http://localhost:3000
11-12-2023	17:54:35	19c36fdf-b8c8-4094-ae26-1c92388a187c	GET	/users/6558c96eb00359ff5b424696	http://localhost:3000
11-12-2023	17:54:35	0195ffbf-6ee0-4652-b06d-631d2be23565	GET	/users/6558c96eb00359ff5b424696	http://localhost:3000
11-12-2023	17:54:35	065eca17-f846-4158-8b9c-406df6326d35	GET	/users	http://localhost:3000
11-12-2023	17:54:35	cbed5688-ab08-4cee-b1ba-a6f958ae809e	GET	/users/6558c96eb00359ff5b424696	http://localhost:3000
11-12-2023	17:54:35	cbd98089-404b-427c-a104-7c1ae134b09c	GET	/users/6558c96eb00359ff5b424696	http://localhost:3000
11-12-2023	17:54:35	79c6c63e-9e56-45dc-a46f-858282051570	GET	/users/6558c96eb00359ff5b424696	http://localhost:3000
11-12-2023	17:54:35	6c6779bd-6db6-4c68-9aee-cba6c7c212bc	GET	/users/6558c96eb00359ff5b424696	http://localhost:3000
11-12-2023	17:54:35	53f0e185-b296-4f3d-b0f9-a22933d470dc	GET	/users/6558c96eb00359ff5b424696	http://localhost:3000
11-12-2023	17:54:35	89d9ac72-ad00-47ea-b7e2-cea847af9758	GET	/users/6558c96eb00359ff5b424696	http://localhost:3000
11-12-2023	17:54:35	dde65564-b6fb-4514-ae98-f0102ce43186	GET	/users/6558c96eb00359ff5b424696	http://localhost:3000
11-12-2023	17:54:35	eb5dc418-6a9e-4fdb-9766-cc31ec980da1	GET	/users/6558c96eb00359ff5b424696	http://localhost:3000
11-12-2023	17:54:35	2ecce548-5bae-4d81-9f2c-d4f6135425e2	GET	/users/6558c96eb00359ff5b424696	http://localhost:3000
11-12-2023	17:54:35	a3092d1a-4bef-4e28-ad04-4268af263562	GET	/users/6558c96eb00359ff5b424696	http://localhost:3000
11-12-2023	17:54:35	ed36c5e0-8a06-4a3c-afa7-90783bc5f1e7	GET	/users/6558c96eb00359ff5b424696	http://localhost:3000
11-12-2023	17:54:35	bdbc546e-5c84-4dbf-9aee-eb140c3bcde6	GET	/users/6558c96eb00359ff5b424696	http://localhost:3000
11-12-2023	17:54:35	a9ddbbb5-526b-4573-8a33-a510c053260f	GET	/users/6558c96eb00359ff5b424696	http://localhost:3000
11-12-2023	17:54:35	95873fc6-a63f-47fb-bf6f-f55e48b66a7d	GET	/users/6558c96eb00359ff5b424696	http://localhost:3000
11-12-2023	17:54:36	6be56668-61b6-4352-b590-eac964ef8791	GET	/users/6558c96eb00359ff5b424696	http://localhost:3000
11-12-2023	17:54:36	ac5a5637-f1f9-4cdb-a69e-6f26d3124a4c	GET	/users/6558c96eb00359ff5b424696	http://localhost:3000
11-12-2023	17:54:36	a542d3d4-845e-48f7-8270-31f4540051e6	GET	/users/6558c96eb00359ff5b424696	http://localhost:3000
11-12-2023	17:54:36	b0c43f2d-3a5c-43d5-89eb-668d5f17d940	GET	/users/6558c96eb00359ff5b424696	http://localhost:3000
11-12-2023	17:54:36	e0c0ab1c-5fd0-46b0-aae9-48efb87f99be	GET	/users	http://localhost:3000
11-12-2023	17:54:36	1824faa6-2b8b-4b23-a884-237e7dfa47fc	GET	/users/6558c96eb00359ff5b424696	http://localhost:3000
11-12-2023	17:54:36	72ebfa16-af74-4f17-8571-4f8b351dc564	GET	/users	http://localhost:3000
11-12-2023	17:54:36	edf878bc-9778-4417-a728-297e493cc2f1	GET	/users/6558c96eb00359ff5b424696	http://localhost:3000
11-12-2023	17:54:36	7e9296a0-7294-410d-9751-58758454c5eb	GET	/users/6558c96eb00359ff5b424696	http://localhost:3000
11-12-2023	17:54:36	c49f68eb-d23a-466a-80af-72a8d2136c9d	GET	/users/6558c96eb00359ff5b424696	http://localhost:3000
11-12-2023	17:54:36	f71f7212-596c-4e27-b1ff-36d10fed4555	GET	/users/6558c96eb00359ff5b424696	http://localhost:3000
11-12-2023	17:54:36	65af1b3c-1618-4734-9b42-a34ade9b4853	GET	/users	http://localhost:3000
11-12-2023	17:54:36	a96848d0-bd45-4808-8475-766ca5bd6f3a	GET	/users/6558c96eb00359ff5b424696	http://localhost:3000
11-12-2023	17:54:36	17786c9e-c1d7-4117-a7fb-8f25132879c8	GET	/users/6558c96eb00359ff5b424696	http://localhost:3000
11-12-2023	17:54:36	6a79838c-eac9-4bb2-8567-a17229161608	GET	/users/6558c96eb00359ff5b424696	http://localhost:3000
11-12-2023	17:54:36	96203629-f1a0-4bdd-b8f0-8b9d55dd832b	GET	/users/6558c96eb00359ff5b424696	http://localhost:3000
11-12-2023	17:54:36	d47378b1-00ed-4426-ab42-2b86718147f4	GET	/users/6558c96eb00359ff5b424696	http://localhost:3000
11-12-2023	17:54:36	5cad1ea6-3fed-4248-b049-feb1068d7a78	GET	/users/6558c96eb00359ff5b424696	http://localhost:3000
11-12-2023	17:54:36	0353d56c-a7d2-45c8-98f7-25726eba96ef	GET	/users/6558c96eb00359ff5b424696	http://localhost:3000
11-12-2023	17:54:36	17e0d202-591a-4dd9-8d53-42510fd7aece	GET	/users/6558c96eb00359ff5b424696	http://localhost:3000
11-12-2023	17:54:36	8364591d-46c6-42fa-8927-e8bd43b17b7c	GET	/users/6558c96eb00359ff5b424696	http://localhost:3000
11-12-2023	17:54:36	acf7bc58-ca2e-4a82-b64c-ce99191add94	GET	/users/6558c96eb00359ff5b424696	http://localhost:3000
11-12-2023	17:54:36	e5936a69-9a49-4f57-b7d4-dfb0a892647f	GET	/users/6558c96eb00359ff5b424696	http://localhost:3000
11-12-2023	17:54:36	7b669e20-d545-4402-b3e8-bec658b44de7	GET	/users/6558c96eb00359ff5b424696	http://localhost:3000
11-12-2023	17:54:36	2b6397a8-5566-47c8-aecc-ec6ab67d72ef	GET	/users/6558c96eb00359ff5b424696	http://localhost:3000
11-12-2023	17:54:37	393198d0-dae0-4585-91cb-fbd49b1b06ad	GET	/users/6558c96eb00359ff5b424696	http://localhost:3000
11-12-2023	17:54:37	46be17b3-b702-4335-9b47-73abf4316606	GET	/users/6558c96eb00359ff5b424696	http://localhost:3000
11-12-2023	17:54:37	36a0bba1-e8de-4ade-ae55-e3364f31d35f	GET	/users/6558c96eb00359ff5b424696	http://localhost:3000
11-12-2023	17:54:37	a797aed1-00e6-4659-ab1d-0d453316c8c6	GET	/users/6558c96eb00359ff5b424696	http://localhost:3000
11-12-2023	17:54:37	3bb2cef8-0288-445e-a593-bc2338990855	GET	/users/6558c96eb00359ff5b424696	http://localhost:3000
11-12-2023	17:54:37	b97f9cb6-a9a6-4e5c-97a5-053285fb4cc8	GET	/users	http://localhost:3000
11-12-2023	17:54:37	0f107949-e85a-48cf-9fc4-97b26b2d3d04	GET	/users/6558c96eb00359ff5b424696	http://localhost:3000
11-12-2023	17:54:37	d255504d-4ff4-4155-8356-60125316d692	GET	/users	http://localhost:3000
11-12-2023	17:54:37	ea685321-464f-428c-be6d-b52a7074b693	GET	/users/6558c96eb00359ff5b424696	http://localhost:3000
11-12-2023	17:54:37	12b4415b-e934-4ab7-88b0-28d5db2e9381	GET	/users/6558c96eb00359ff5b424696	http://localhost:3000
11-12-2023	17:54:37	bf59b588-e172-4861-8694-c2720a27191a	GET	/users/6558c96eb00359ff5b424696	http://localhost:3000
11-12-2023	17:54:37	797004fa-8f72-4b6b-b8e9-25f823479cf0	GET	/users/6558c96eb00359ff5b424696	http://localhost:3000
11-12-2023	17:54:37	30a27152-af31-4ebe-94bb-c3c292cca3c2	GET	/users	http://localhost:3000
11-12-2023	17:54:37	31af78a8-6765-46c6-b879-27303d13fff6	GET	/users/6558c96eb00359ff5b424696	http://localhost:3000
11-12-2023	17:54:37	2e1ba8de-3647-4d47-82a1-770a7533f508	GET	/users/6558c96eb00359ff5b424696	http://localhost:3000
11-12-2023	17:54:37	0d3794b6-6b68-41a2-8646-e9bfc6efcbfa	GET	/users/6558c96eb00359ff5b424696	http://localhost:3000
11-12-2023	17:54:37	03e78785-8358-4587-90cb-17ebe29f5396	GET	/users/6558c96eb00359ff5b424696	http://localhost:3000
11-12-2023	17:54:37	9f10a639-5235-439b-87f8-5410064632a9	GET	/users/6558c96eb00359ff5b424696	http://localhost:3000
11-12-2023	17:54:37	464f4d91-53b0-4014-887c-fcbf6b0d90a9	GET	/users/6558c96eb00359ff5b424696	http://localhost:3000
11-12-2023	17:54:37	4e14a69b-67ec-4396-b643-5c520fdc4266	GET	/users/6558c96eb00359ff5b424696	http://localhost:3000
11-12-2023	17:54:37	39421a82-9409-4f23-98dd-7af1bb7f8fd0	GET	/users/6558c96eb00359ff5b424696	http://localhost:3000
11-12-2023	17:54:37	b9a9e1b6-88de-45b7-816d-18017be5140b	GET	/users/6558c96eb00359ff5b424696	http://localhost:3000
11-12-2023	17:54:37	66e7006f-a779-42e3-97b8-a895de1bf8e4	GET	/users/6558c96eb00359ff5b424696	http://localhost:3000
11-12-2023	17:54:37	2cd854c1-ce41-4453-a08d-8536f2026172	GET	/users/6558c96eb00359ff5b424696	http://localhost:3000
11-12-2023	17:54:37	1dd70857-d366-4c56-a9e2-68827309961f	GET	/users/6558c96eb00359ff5b424696	http://localhost:3000
11-12-2023	17:54:38	2e33fd7c-5130-4384-bfef-3468c814716b	GET	/users/6558c96eb00359ff5b424696	http://localhost:3000
11-12-2023	17:54:38	b2245f26-722f-4c63-8065-641b130e51d9	GET	/users/6558c96eb00359ff5b424696	http://localhost:3000
11-12-2023	17:54:38	d91c0635-d490-481d-9c08-1247ca563828	GET	/users/6558c96eb00359ff5b424696	http://localhost:3000
11-12-2023	17:54:38	7cce3787-72ce-49e2-abcd-6603171660bd	GET	/users/6558c96eb00359ff5b424696	http://localhost:3000
11-12-2023	17:54:38	1c5af348-dbbf-4e4c-b7d3-ec6816ff7086	GET	/users/6558c96eb00359ff5b424696	http://localhost:3000
11-12-2023	17:54:38	6f6e2348-bad7-49a5-a898-ccabd4bb9bf8	GET	/users/6558c96eb00359ff5b424696	http://localhost:3000
11-12-2023	17:54:38	0dbe3368-35e3-4942-8aba-561ac86ef99d	GET	/users	http://localhost:3000
11-12-2023	17:54:38	4e00050c-4480-4401-9a1c-7a0a31b47697	GET	/users/6558c96eb00359ff5b424696	http://localhost:3000
11-12-2023	17:54:38	e95a690e-1bf7-44f9-a5a5-f10274667c2f	GET	/users	http://localhost:3000
11-12-2023	17:54:38	9527e294-fdf1-4ae1-ad01-27ce83bfc2b9	GET	/users/6558c96eb00359ff5b424696	http://localhost:3000
11-12-2023	17:54:38	a4fbe005-4a45-473d-84c9-2467e690a145	GET	/users/6558c96eb00359ff5b424696	http://localhost:3000
11-12-2023	17:54:38	368afc3e-7af3-4cb2-b71b-d27fc09e4073	GET	/users/6558c96eb00359ff5b424696	http://localhost:3000
11-12-2023	17:54:38	eb889e52-d5e4-446b-9d25-96e5e92cd50d	GET	/users/6558c96eb00359ff5b424696	http://localhost:3000
11-12-2023	17:54:38	9a602648-877d-4462-b83a-a72b62bafd00	GET	/users	http://localhost:3000
11-12-2023	17:54:38	dcf2fe34-6cb2-4afb-909a-89853dc0c6ee	GET	/users/6558c96eb00359ff5b424696	http://localhost:3000
11-12-2023	17:54:38	bb564c98-8d09-40f0-a135-f6d62cf0ddb0	GET	/users/6558c96eb00359ff5b424696	http://localhost:3000
11-12-2023	17:54:38	f142c96d-6beb-4742-883e-6cacfc54520b	GET	/users/6558c96eb00359ff5b424696	http://localhost:3000
11-12-2023	17:54:38	2133a5b7-5515-4eeb-b6b8-b974bbd49256	GET	/users/6558c96eb00359ff5b424696	http://localhost:3000
11-12-2023	17:54:38	3c38785d-a89d-4c32-809c-8e6d47cd0105	GET	/users/6558c96eb00359ff5b424696	http://localhost:3000
11-12-2023	17:54:38	64ef41ee-ce95-4322-a9f3-e7dd95757414	GET	/users/6558c96eb00359ff5b424696	http://localhost:3000
11-12-2023	17:54:38	f4fd9c11-2003-4ee2-86ec-511d917e309b	GET	/users/6558c96eb00359ff5b424696	http://localhost:3000
11-12-2023	17:54:38	94095217-f7e4-494c-af96-802a881b565b	GET	/users/6558c96eb00359ff5b424696	http://localhost:3000
11-12-2023	17:54:38	8084313f-e4dc-4afb-b982-6d61a4c82333	GET	/users/6558c96eb00359ff5b424696	http://localhost:3000
11-12-2023	17:54:39	8ae769dc-65df-4ce5-8c72-7f496525c728	GET	/users/6558c96eb00359ff5b424696	http://localhost:3000
11-12-2023	17:54:39	e57b4feb-ca60-4897-8c18-69b433a1a0a6	GET	/users/6558c96eb00359ff5b424696	http://localhost:3000
11-12-2023	17:54:39	f3aa04da-3417-4a53-acb6-4a9978443b0e	GET	/users/6558c96eb00359ff5b424696	http://localhost:3000
11-12-2023	17:54:39	6c79bb7b-c990-4f4d-9802-b14948b48c5f	GET	/users/6558c96eb00359ff5b424696	http://localhost:3000
11-12-2023	17:54:39	a9eb7f4c-cbd1-4120-9f1e-6133f96eb230	GET	/users/6558c96eb00359ff5b424696	http://localhost:3000
11-12-2023	17:54:39	0c3b4230-890a-4aed-8126-133963f1f503	GET	/users/6558c96eb00359ff5b424696	http://localhost:3000
11-12-2023	17:54:39	b88c039e-a136-4671-b771-2ae85869ff71	GET	/users/6558c96eb00359ff5b424696	http://localhost:3000
11-12-2023	17:54:39	57392740-712f-40e9-a715-6bf23c2c4e64	GET	/users/6558c96eb00359ff5b424696	http://localhost:3000
11-12-2023	17:54:39	0bf6deac-0847-430c-958a-644c1029dbe9	GET	/users	http://localhost:3000
11-12-2023	17:54:39	b6849c99-7bb2-453e-ba92-8ea36c46720d	GET	/users/6558c96eb00359ff5b424696	http://localhost:3000
11-12-2023	17:54:39	9b62ca22-2a09-458b-8e4e-fabe5452b3bb	GET	/users	http://localhost:3000
11-12-2023	17:54:39	da20081f-227e-45cd-a5d9-fe1c037e7e49	GET	/users/6558c96eb00359ff5b424696	http://localhost:3000
11-12-2023	17:54:39	fd5600fb-a503-4c6d-bf85-44b3a5fde1b0	GET	/users/6558c96eb00359ff5b424696	http://localhost:3000
11-12-2023	17:54:39	d30847ec-250f-435f-b536-89e9233bcfcf	GET	/users/6558c96eb00359ff5b424696	http://localhost:3000
11-12-2023	17:54:39	98ab0442-47d6-4813-a629-c98ae29b7c89	GET	/users	http://localhost:3000
11-12-2023	17:54:39	b3abaf06-b05d-4c4c-8e6e-f60acf30bc63	GET	/users/6558c96eb00359ff5b424696	http://localhost:3000
11-12-2023	17:54:39	0e1c0482-5042-4019-8f52-06efd44240a1	GET	/users/6558c96eb00359ff5b424696	http://localhost:3000
11-12-2023	17:54:39	9a296747-942f-4da3-ac60-9e0f4d53c56f	GET	/users/6558c96eb00359ff5b424696	http://localhost:3000
11-12-2023	17:54:39	8fd726cd-6fed-47c7-b1c4-51c88714aea7	GET	/users/6558c96eb00359ff5b424696	http://localhost:3000
11-12-2023	17:54:39	2a425391-80ee-4a3e-968f-eae6f5858761	GET	/users/6558c96eb00359ff5b424696	http://localhost:3000
11-12-2023	17:54:39	d7f4d2b0-c541-4b43-bcd4-a4528452ee0b	GET	/users/6558c96eb00359ff5b424696	http://localhost:3000
11-12-2023	17:54:39	88c7fe85-0ca3-492b-99b2-fa03dfd3abc4	GET	/users/6558c96eb00359ff5b424696	http://localhost:3000
11-12-2023	17:54:39	988cefb1-0b37-4f2f-b65c-4b9cd1270e40	GET	/users/6558c96eb00359ff5b424696	http://localhost:3000
11-12-2023	17:54:39	8621c9b6-517e-4370-be21-f95da78a071e	GET	/users/6558c96eb00359ff5b424696	http://localhost:3000
11-12-2023	17:54:39	e03790b6-1fdc-4871-a6cd-d410e55d302f	GET	/users/6558c96eb00359ff5b424696	http://localhost:3000
11-12-2023	17:54:40	cb9fe9ae-999b-4b7e-aad6-2a6931580672	GET	/users/6558c96eb00359ff5b424696	http://localhost:3000
11-12-2023	17:54:40	f0db1f34-3556-4474-b0ea-967878dd672c	GET	/users/6558c96eb00359ff5b424696	http://localhost:3000
11-12-2023	17:54:40	48310112-fca8-4aeb-95fc-a65b69f9347e	GET	/users/6558c96eb00359ff5b424696	http://localhost:3000
11-12-2023	17:54:40	fd417fa1-b3b9-47f7-b627-802ca78045fc	GET	/users/6558c96eb00359ff5b424696	http://localhost:3000
11-12-2023	17:54:40	9122da03-026f-47ab-a7f2-114c7d467918	GET	/users/6558c96eb00359ff5b424696	http://localhost:3000
11-12-2023	17:54:40	a716a405-6f42-4f06-88cb-83ec49d3a00f	GET	/users/6558c96eb00359ff5b424696	http://localhost:3000
11-12-2023	17:54:40	2d08dbbf-5b1d-49fc-954d-9036f2fc0d2e	GET	/users/6558c96eb00359ff5b424696	http://localhost:3000
11-12-2023	17:54:40	8dcb0734-75f2-419d-a8df-fe604e459060	GET	/users/6558c96eb00359ff5b424696	http://localhost:3000
11-12-2023	17:54:40	cbb1795f-e7b6-45d2-8212-8a12e19ab73b	GET	/users/6558c96eb00359ff5b424696	http://localhost:3000
11-12-2023	17:54:40	daf0f5ba-2589-4e72-b251-2ad25255551c	GET	/users	http://localhost:3000
11-12-2023	17:54:40	88afc188-cd59-4757-b89c-5826226a492b	GET	/users/6558c96eb00359ff5b424696	http://localhost:3000
11-12-2023	17:54:40	dfc3903a-efd0-4710-9174-414610c460f6	GET	/users	http://localhost:3000
11-12-2023	17:54:40	7a1dcff1-f08f-4f27-aee5-ca3bb34e1b37	GET	/users/6558c96eb00359ff5b424696	http://localhost:3000
11-12-2023	17:54:40	10189d08-5830-4096-962d-612e4791478f	GET	/users/6558c96eb00359ff5b424696	http://localhost:3000
11-12-2023	17:54:40	52131963-dfab-4100-aa61-0331142d4d2f	GET	/users/6558c96eb00359ff5b424696	http://localhost:3000
11-12-2023	17:54:40	53d84e33-59bb-409c-bb50-5fdf091c4dad	GET	/users	http://localhost:3000
11-12-2023	17:54:40	16d9b2d0-5379-44f1-8cb1-11d035cb2875	GET	/users/6558c96eb00359ff5b424696	http://localhost:3000
11-12-2023	17:54:40	e2271e09-28ca-47ec-96a1-f67a8bb86ec3	GET	/users/6558c96eb00359ff5b424696	http://localhost:3000
11-12-2023	17:54:40	af206552-6deb-437d-aa67-c2e4e54b393c	GET	/users/6558c96eb00359ff5b424696	http://localhost:3000
11-12-2023	17:54:40	6eafc792-28e4-4bbe-9ac6-4ffbfa0a6a7d	GET	/users/6558c96eb00359ff5b424696	http://localhost:3000
11-12-2023	17:54:40	5436b539-7179-4e54-9526-0926ecdf46e6	GET	/users/6558c96eb00359ff5b424696	http://localhost:3000
11-12-2023	17:54:40	45bdf988-f529-4f50-984d-925105aa0288	GET	/users/6558c96eb00359ff5b424696	http://localhost:3000
11-12-2023	17:54:40	7a479857-659e-4b12-9fde-17e7bfc58b04	GET	/users/6558c96eb00359ff5b424696	http://localhost:3000
11-12-2023	17:54:40	9298cf02-97fb-478c-99fd-a4b19608493a	GET	/users/6558c96eb00359ff5b424696	http://localhost:3000
11-12-2023	17:54:40	8a1e8859-fda2-45e5-8312-dd94efc99993	GET	/users/6558c96eb00359ff5b424696	http://localhost:3000
11-12-2023	17:54:41	c02826f2-7ad0-4271-8706-79b443a099fc	GET	/users/6558c96eb00359ff5b424696	http://localhost:3000
11-12-2023	17:54:41	ad82b6cd-db92-4833-a235-a4d966025c1e	GET	/users/6558c96eb00359ff5b424696	http://localhost:3000
11-12-2023	17:54:41	4fba3838-5631-49bb-9e40-81cd95a38036	GET	/users/6558c96eb00359ff5b424696	http://localhost:3000
11-12-2023	17:54:41	361f22b8-ce6f-4c05-88d3-1503055500a9	GET	/users/6558c96eb00359ff5b424696	http://localhost:3000
11-12-2023	17:54:41	b1d957ed-2506-4e3a-9d46-173e712efc26	GET	/users/6558c96eb00359ff5b424696	http://localhost:3000
11-12-2023	17:54:41	13c34b5d-4d14-48ac-8745-699b12a797fd	GET	/users/6558c96eb00359ff5b424696	http://localhost:3000
11-12-2023	17:54:41	4157e801-6174-4af3-b0fe-5196ae658a3b	GET	/users/6558c96eb00359ff5b424696	http://localhost:3000
11-12-2023	17:54:41	7be5b536-36d0-42c8-bdf2-80676cb6bfb6	GET	/users/6558c96eb00359ff5b424696	http://localhost:3000
11-12-2023	17:54:41	2da7758d-28bd-4ec0-a4f3-d24935e93623	GET	/users/6558c96eb00359ff5b424696	http://localhost:3000
11-12-2023	17:54:41	5a1726b4-8b59-4b1a-8a39-5dee3e6d0dc8	GET	/users	http://localhost:3000
11-12-2023	17:54:41	3a8d3585-8a42-4e8c-8699-899d9dc5abe9	GET	/users/6558c96eb00359ff5b424696	http://localhost:3000
11-12-2023	17:54:41	7585acfa-3adf-48f0-8454-9b7463b8bba8	GET	/users	http://localhost:3000
11-12-2023	17:54:41	2d078ac5-d97b-4e08-823f-86a473392c8b	GET	/users/6558c96eb00359ff5b424696	http://localhost:3000
11-12-2023	17:54:41	96d21640-63e7-4736-9c51-9c01bdfaba40	GET	/users/6558c96eb00359ff5b424696	http://localhost:3000
11-12-2023	17:54:41	b5085b1f-6bf9-4905-9c38-5b13e486dd48	GET	/users/6558c96eb00359ff5b424696	http://localhost:3000
11-12-2023	17:54:41	ee4b3a3a-ccda-4df9-82f1-ee804429c285	GET	/users	http://localhost:3000
11-12-2023	17:54:41	8d9962bb-3cdf-4d2f-895c-5b05a38f5ab1	GET	/users/6558c96eb00359ff5b424696	http://localhost:3000
11-12-2023	17:54:41	806e2281-8faf-4f12-8801-f522b4f7fa5a	GET	/users/6558c96eb00359ff5b424696	http://localhost:3000
11-12-2023	17:54:41	0ae3f649-9b73-46ed-85a6-424c1b515105	GET	/users/6558c96eb00359ff5b424696	http://localhost:3000
11-12-2023	17:54:41	6a322cbc-f9d5-4654-9acc-e08822451d4b	GET	/users/6558c96eb00359ff5b424696	http://localhost:3000
11-12-2023	17:54:41	41ff9806-7480-4061-8541-b6296735a853	GET	/users/6558c96eb00359ff5b424696	http://localhost:3000
11-12-2023	17:54:41	f71c8dea-122d-40aa-9164-638bd433e57f	GET	/users/6558c96eb00359ff5b424696	http://localhost:3000
11-12-2023	17:54:41	0946a1c3-d186-4ab7-94ca-8f61a803f023	GET	/users/6558c96eb00359ff5b424696	http://localhost:3000
11-12-2023	17:54:41	2cd3fbf4-ceaa-4c27-a514-af091247140a	GET	/users/6558c96eb00359ff5b424696	http://localhost:3000
11-12-2023	17:54:42	db54bce9-c9c9-469c-8851-c6b56fb3ab1e	GET	/users/6558c96eb00359ff5b424696	http://localhost:3000
11-12-2023	17:54:42	7030609f-5204-481a-a91d-20ca21a0f9fb	GET	/users/6558c96eb00359ff5b424696	http://localhost:3000
11-12-2023	17:54:42	1aa74e89-e497-478b-8000-3a3986576b38	GET	/users/6558c96eb00359ff5b424696	http://localhost:3000
11-12-2023	17:54:42	62929bcb-6d83-4f01-b5d4-671de6aa3fb2	GET	/users/6558c96eb00359ff5b424696	http://localhost:3000
11-12-2023	17:54:42	8948d593-e63c-461b-a1cf-a3cc7ace2402	GET	/users/6558c96eb00359ff5b424696	http://localhost:3000
11-12-2023	17:54:42	7480c3ce-7494-491b-80e8-e88bcc0a58b5	GET	/users/6558c96eb00359ff5b424696	http://localhost:3000
11-12-2023	17:54:42	859f8774-9cd4-4844-97a5-b6b48057ecea	GET	/users/6558c96eb00359ff5b424696	http://localhost:3000
11-12-2023	17:54:42	2de1e793-20ed-403c-b494-0942a2b13c75	GET	/users/6558c96eb00359ff5b424696	http://localhost:3000
11-12-2023	17:54:42	b27ef42d-eb4b-4296-a0dd-891c804c63de	GET	/users	http://localhost:3000
11-12-2023	17:54:42	fb8f6faf-d1d9-409d-acd7-fc69d9c88c73	GET	/users/6558c96eb00359ff5b424696	http://localhost:3000
11-12-2023	17:54:42	80648b1f-546e-4cc8-8919-094a063e173e	GET	/users/6558c96eb00359ff5b424696	http://localhost:3000
11-12-2023	17:54:42	9d276398-f5e3-4473-8f77-1d63cbb1c3a1	GET	/users	http://localhost:3000
11-12-2023	17:54:42	dceed824-c42c-4a0c-94e0-d122d5ff100d	GET	/users/6558c96eb00359ff5b424696	http://localhost:3000
11-12-2023	17:54:42	288f56f9-4043-4180-aad4-bbaec19a41a7	GET	/users	http://localhost:3000
11-12-2023	17:54:42	646668fd-6f60-413a-a538-f21f1c68e3e7	GET	/users/6558c96eb00359ff5b424696	http://localhost:3000
11-12-2023	17:54:42	5518a588-9223-4944-9cb4-a3ef9d1c40be	GET	/users/6558c96eb00359ff5b424696	http://localhost:3000
11-12-2023	17:54:42	3c56add9-7ab0-40ab-b670-cc07f9205ada	GET	/users/6558c96eb00359ff5b424696	http://localhost:3000
11-12-2023	17:54:42	6d53b00b-af8c-4236-9cd2-bad47f16128c	GET	/users/6558c96eb00359ff5b424696	http://localhost:3000
11-12-2023	17:54:43	b5c28191-106e-4f3f-85c8-7217d3a28766	GET	/users/6558c96eb00359ff5b424696	http://localhost:3000
11-12-2023	17:54:43	53bde5c6-8a3f-4206-a8b7-55a584f5b270	GET	/users/6558c96eb00359ff5b424696	http://localhost:3000
11-12-2023	17:54:43	f16f933c-5cfb-4170-abfa-204d3c15edb3	GET	/users/6558c96eb00359ff5b424696	http://localhost:3000
11-12-2023	17:54:43	43c68696-1255-4346-a4de-8938b963a9e9	GET	/users/6558c96eb00359ff5b424696	http://localhost:3000
11-12-2023	17:54:43	35327f16-f7bb-4589-96e2-f62f1931bd32	GET	/users/6558c96eb00359ff5b424696	http://localhost:3000
11-12-2023	17:54:43	5c47c6d9-7c6f-4291-9916-056b02345b12	GET	/users/6558c96eb00359ff5b424696	http://localhost:3000
11-12-2023	17:54:43	12f884d5-85b3-4892-a1b6-bd855beaa0ed	GET	/users/6558c96eb00359ff5b424696	http://localhost:3000
11-12-2023	17:54:43	73d359b1-0a89-4ac4-a302-60a8b4c73c13	GET	/users/6558c96eb00359ff5b424696	http://localhost:3000
11-12-2023	17:54:43	298da57a-67f9-4f6e-a371-8e887658ff3a	GET	/users/6558c96eb00359ff5b424696	http://localhost:3000
11-12-2023	17:54:43	89123ab5-877c-4516-9d2e-d7ab7fa0f29f	GET	/users/6558c96eb00359ff5b424696	http://localhost:3000
11-12-2023	17:54:43	c792cd0e-3845-419d-9b49-d33762ecaac4	GET	/users/6558c96eb00359ff5b424696	http://localhost:3000
11-12-2023	17:54:43	a1a4873d-57d3-42c5-8c61-651e262274a8	GET	/users/6558c96eb00359ff5b424696	http://localhost:3000
11-12-2023	17:54:43	1214359a-a91f-48dc-8dae-1424b6cbd23e	GET	/users/6558c96eb00359ff5b424696	http://localhost:3000
11-12-2023	17:54:43	67740745-2207-40fd-8aec-3de8a1228ebc	GET	/users/6558c96eb00359ff5b424696	http://localhost:3000
11-12-2023	17:54:43	853ca109-ff15-4314-852c-3b039f979e3f	GET	/users/6558c96eb00359ff5b424696	http://localhost:3000
11-12-2023	17:54:43	ca91d4c0-7ead-46e5-b614-8b6929b054bd	GET	/users/6558c96eb00359ff5b424696	http://localhost:3000
11-12-2023	17:54:43	695f1183-10db-4691-9c9f-5cced3ad089f	GET	/users	http://localhost:3000
11-12-2023	17:54:43	1f7d9cd4-6451-4884-af60-a0daf7b9e29b	GET	/users/6558c96eb00359ff5b424696	http://localhost:3000
11-12-2023	17:54:43	a62dec4a-6980-4e66-b7fd-37eba2f8af16	GET	/users	http://localhost:3000
11-12-2023	17:54:43	385a5daa-29c0-4704-9a4d-78fab8d94a3b	GET	/users/6558c96eb00359ff5b424696	http://localhost:3000
11-12-2023	17:54:43	22b119c9-e8d3-4297-bf0e-4ecbd56d6b3b	GET	/users	http://localhost:3000
11-12-2023	17:54:43	ad0ca92b-f040-43fb-bab1-2c944111d637	GET	/users/6558c96eb00359ff5b424696	http://localhost:3000
11-12-2023	17:54:43	04c095b4-33fe-401b-aacc-0b683592441a	GET	/users/6558c96eb00359ff5b424696	http://localhost:3000
11-12-2023	17:54:43	ab6628c5-27a9-4c2a-8dbb-93be9b599ca9	GET	/users/6558c96eb00359ff5b424696	http://localhost:3000
11-12-2023	17:54:44	13432ed9-e63e-46a2-bdec-99da7c101632	GET	/users/6558c96eb00359ff5b424696	http://localhost:3000
11-12-2023	17:54:44	85408755-0cf5-457f-ba9d-801e8d1c969f	GET	/users/6558c96eb00359ff5b424696	http://localhost:3000
11-12-2023	17:54:44	3b7d54d3-dfdb-4045-bf00-1150b94e1385	GET	/users/6558c96eb00359ff5b424696	http://localhost:3000
11-12-2023	17:54:44	c8794296-8dbb-4e37-9485-c37f0ea6abd5	GET	/users/6558c96eb00359ff5b424696	http://localhost:3000
11-12-2023	17:54:44	25ae9ea1-04cc-4fe4-b0d6-c5237a804af8	GET	/users/6558c96eb00359ff5b424696	http://localhost:3000
11-12-2023	17:54:44	27e16301-3977-4504-a4a7-3fa9f6e378ef	GET	/users/6558c96eb00359ff5b424696	http://localhost:3000
11-12-2023	17:54:44	c3ebf94c-2410-49d4-afcc-cdf8773a5c7a	GET	/users/6558c96eb00359ff5b424696	http://localhost:3000
11-12-2023	17:54:44	4d2bfd08-3c61-446f-b228-e7ec31915da7	GET	/users/6558c96eb00359ff5b424696	http://localhost:3000
11-12-2023	17:54:44	28a4f094-2155-4f4a-9ce5-8581602f2195	GET	/users/6558c96eb00359ff5b424696	http://localhost:3000
11-12-2023	17:54:44	ae7dcf63-6bd7-4af0-aa50-0ebd531bf5f6	GET	/users/6558c96eb00359ff5b424696	http://localhost:3000
11-12-2023	17:54:44	a39c62d3-cb54-4fc4-af97-c8bd248f0491	GET	/users/6558c96eb00359ff5b424696	http://localhost:3000
11-12-2023	17:54:44	541aeb80-0587-4107-8def-8702d7828f08	GET	/users/6558c96eb00359ff5b424696	http://localhost:3000
11-12-2023	17:54:44	ebc5c1f4-e5f8-433d-9c9b-05e30363c49e	GET	/users/6558c96eb00359ff5b424696	http://localhost:3000
11-12-2023	17:54:44	7f013173-a111-48af-b4f6-a2e61b30b34d	GET	/users/6558c96eb00359ff5b424696	http://localhost:3000
11-12-2023	17:54:44	199867f5-04cf-4a68-8653-6fd12e20ac25	GET	/users/6558c96eb00359ff5b424696	http://localhost:3000
11-12-2023	17:54:44	ebfb9076-e93d-47ee-8e71-8feb7e5f1dac	GET	/users/6558c96eb00359ff5b424696	http://localhost:3000
11-12-2023	17:54:44	9872fa1b-c8a2-45d6-82c2-74b532acdc51	GET	/users/6558c96eb00359ff5b424696	http://localhost:3000
11-12-2023	17:54:44	7e40aaaa-1fdc-41d9-a1dd-d442e33057df	GET	/users	http://localhost:3000
11-12-2023	17:54:44	e2ae8230-59d1-468b-a229-1660ada2b34e	GET	/users/6558c96eb00359ff5b424696	http://localhost:3000
11-12-2023	17:54:44	0c120a6f-7135-4531-8ccf-32c91b9102a8	GET	/users/6558c96eb00359ff5b424696	http://localhost:3000
11-12-2023	17:54:44	002a5a87-0309-4b2b-b1d8-c604750af3f7	GET	/users	http://localhost:3000
11-12-2023	17:54:44	f3a20ff1-4508-47f7-be35-7c68c5241a84	GET	/users/6558c96eb00359ff5b424696	http://localhost:3000
11-12-2023	17:54:44	47f4ac22-be40-4f0d-a16c-41dae6751e15	GET	/users	http://localhost:3000
11-12-2023	17:54:44	4d1b9893-84c7-47e2-802e-6f6a50a40253	GET	/users/6558c96eb00359ff5b424696	http://localhost:3000
11-12-2023	17:54:45	4b735450-40e9-4acc-824a-e73284d991f0	GET	/users/6558c96eb00359ff5b424696	http://localhost:3000
11-12-2023	17:54:45	1ac4734f-ca69-486e-8eac-63f34717789d	GET	/users/6558c96eb00359ff5b424696	http://localhost:3000
11-12-2023	17:54:45	1582503e-0876-4970-9ca0-35966cb19ba6	GET	/users/6558c96eb00359ff5b424696	http://localhost:3000
11-12-2023	17:54:45	4b3ffcdb-5e1e-41fc-ba26-8d555fa64505	GET	/users/6558c96eb00359ff5b424696	http://localhost:3000
11-12-2023	17:54:45	c623022c-f743-49a9-bb34-f725a13eb4b2	GET	/users/6558c96eb00359ff5b424696	http://localhost:3000
11-12-2023	17:54:45	5f852600-0e9d-46b4-83e7-13ddf6121c64	GET	/users/6558c96eb00359ff5b424696	http://localhost:3000
11-12-2023	17:54:45	73669731-6af8-4ad5-9771-29e7297f5200	GET	/users/6558c96eb00359ff5b424696	http://localhost:3000
11-12-2023	17:54:45	e25a3d45-eb6a-4bf3-8eba-77003b289364	GET	/users/6558c96eb00359ff5b424696	http://localhost:3000
11-12-2023	17:54:45	f1402045-6b7b-4ddc-b09b-c8e6c491ff84	GET	/users	http://localhost:3000
11-12-2023	17:54:45	77ec1f53-83a1-494b-b0b7-31d625acc97f	GET	/users/6558c96eb00359ff5b424696	http://localhost:3000
11-12-2023	17:54:45	9db472ef-0bd5-4cb8-ad22-9d566784c01d	GET	/users/6558c96eb00359ff5b424696	http://localhost:3000
11-12-2023	17:54:45	b9650ecf-f0b9-4db2-8776-e3a4f265d880	GET	/users/6558c96eb00359ff5b424696	http://localhost:3000
11-12-2023	17:54:45	8415f781-7d99-4a32-9722-70d460e357e6	GET	/users/6558c96eb00359ff5b424696	http://localhost:3000
11-12-2023	17:54:45	8a1b5165-2b22-47d0-96c2-7f56bd876da4	GET	/users/6558c96eb00359ff5b424696	http://localhost:3000
11-12-2023	17:54:45	369fd87a-f9c3-4a6e-8b25-f45aea4cb6be	GET	/users/6558c96eb00359ff5b424696	http://localhost:3000
11-12-2023	17:54:45	9fc23115-fd82-4e34-bc79-b1b2502a54ee	GET	/users/6558c96eb00359ff5b424696	http://localhost:3000
11-12-2023	17:54:45	eeb0ee4c-00f6-4715-aa2a-a54266c43f33	GET	/users	http://localhost:3000
11-12-2023	17:54:45	6904a4c2-4f8d-4bae-a76b-65525cadb24a	GET	/users	http://localhost:3000
11-12-2023	17:54:46	455083c4-4c8a-4148-8eec-b077046f6544	GET	/users	http://localhost:3000
11-12-2023	17:54:46	3ea12e24-d484-450a-8b3e-4714e14a4170	GET	/users	http://localhost:3000
11-12-2023	17:54:46	3b39c42c-5649-46a3-aa0c-397411721477	GET	/users	http://localhost:3000
11-12-2023	17:54:47	e652207b-818e-49c7-b536-baf8a3ab2893	GET	/users	http://localhost:3000
11-12-2023	17:54:47	d2d2965b-ce5f-4f3a-b946-6aa32494e2bc	GET	/users	http://localhost:3000
11-12-2023	17:54:47	4152903c-309f-49f4-ac80-5cc3b43c96a2	GET	/users	http://localhost:3000
11-12-2023	17:54:48	4a1941c7-19d7-4c24-87d7-70e8e288f8e0	GET	/users	http://localhost:3000
11-12-2023	17:54:48	471f953d-520b-4dfc-91e6-b3523de1a0d2	GET	/users	http://localhost:3000
11-12-2023	17:54:48	8d503f69-6b4d-40c6-b1a8-9dd20a1facb6	GET	/users	http://localhost:3000
11-12-2023	17:54:48	a15f7cfa-64f8-4873-bf99-352bc1d6cf05	GET	/users	http://localhost:3000
11-12-2023	17:54:49	a4f7c837-e71c-4ebe-bf70-9edc0cb83016	GET	/users	http://localhost:3000
11-12-2023	17:54:49	fd90ad1a-1f3f-40c0-992b-a63b03042675	GET	/users	http://localhost:3000
11-12-2023	17:54:49	5bd7d912-df00-42d6-b3af-7cf554eead47	GET	/users	http://localhost:3000
11-12-2023	17:54:49	869cb9d7-c08b-4470-b139-ab50bdb7aee1	GET	/users	http://localhost:3000
11-12-2023	17:54:50	7cdd34c6-f57d-4c94-ab54-89a194b4c798	GET	/users	http://localhost:3000
11-12-2023	17:54:50	54914cf5-bc22-4c48-b530-adcd8384b4b2	GET	/users	http://localhost:3000
11-12-2023	17:54:50	f8686198-e342-48cf-b4ae-911c7c552c82	GET	/users	http://localhost:3000
11-12-2023	17:54:50	9f7ac636-419c-4929-8f49-ab072203afbf	GET	/users	http://localhost:3000
11-12-2023	17:54:51	9b91ebf5-d9e4-4c70-971a-f68b3bc366bd	GET	/users	http://localhost:3000
11-12-2023	17:54:51	1c2683df-6dc8-434b-953b-b20f9303e83b	GET	/users	http://localhost:3000
11-12-2023	17:54:51	9b628fee-a937-4bef-b68d-732f0be4c3b9	GET	/users	http://localhost:3000
11-12-2023	17:54:51	8bb9cdf0-184c-4ec7-b5d7-d24f3540b8e0	GET	/users	http://localhost:3000
11-12-2023	17:54:52	a4704a69-34a8-478e-a71e-a2457e841842	GET	/users	http://localhost:3000
11-12-2023	17:54:52	800f8a29-722d-4777-8723-7ade82fc3437	GET	/users	http://localhost:3000
11-12-2023	17:54:52	ee333421-eafe-4db9-bb8e-658419de3239	GET	/users	http://localhost:3000
11-12-2023	17:54:52	fd38920e-eb9b-4e95-921b-9f5ecf219f41	GET	/users	http://localhost:3000
11-12-2023	17:54:53	c3800c11-db8c-4cc1-a923-89116d229a38	GET	/users	http://localhost:3000
11-12-2023	17:54:53	05e00109-d6aa-4539-a5bd-c16ad72c9926	GET	/users	http://localhost:3000
11-12-2023	17:54:53	fef33307-1731-4f0f-ba60-5b3937f6c6d9	GET	/users	http://localhost:3000
11-12-2023	17:54:53	2695f1f5-c244-49dd-9c80-91b8689068d7	GET	/users	http://localhost:3000
11-12-2023	17:54:54	7ba62c67-eef4-4fdd-9c42-79be267a86c7	GET	/users	http://localhost:3000
11-12-2023	17:54:54	4f639150-e2c3-4fb0-8efd-92f69efab98e	GET	/users	http://localhost:3000
11-12-2023	17:54:54	9d22e2b7-8d87-40f3-b983-a7e1c51df4f9	GET	/users	http://localhost:3000
11-12-2023	17:54:54	fd241055-ffc3-4b43-b8f8-cfc7bea71ad6	GET	/users	http://localhost:3000
11-12-2023	17:54:55	55949869-3db0-4e46-8f13-e32fd41e464a	GET	/users	http://localhost:3000
11-12-2023	17:54:55	a04037a8-82d8-4dc0-82fa-9a65e96f531a	GET	/users	http://localhost:3000
11-12-2023	17:54:55	73ac84a2-4dde-4c3d-8b00-3ecb163276a6	GET	/users	http://localhost:3000
11-12-2023	17:54:56	74637c7a-1580-4e02-8ab3-78e36963ffbc	GET	/users	http://localhost:3000
11-12-2023	17:54:56	ef89d5b8-006f-4c6c-b5a6-884ea2dae2e1	GET	/users	http://localhost:3000
11-12-2023	17:54:56	416ff309-f9c1-457c-a8a4-d27bc222d4de	GET	/users	http://localhost:3000
11-12-2023	17:54:56	d07e3659-5919-4f5f-aada-d7b1dab8465b	GET	/users	http://localhost:3000
11-12-2023	17:54:57	4454eedd-96fa-4eee-8844-53590c08e025	GET	/users	http://localhost:3000
11-12-2023	17:54:57	0624e3d4-5f39-43b0-8473-be0eccba3722	GET	/users	http://localhost:3000
11-12-2023	17:54:57	f1e72b7f-38db-46df-828b-14d710f55ee9	GET	/users	http://localhost:3000
11-12-2023	17:54:57	33473913-f097-4405-8140-920aefe95165	GET	/users	http://localhost:3000
11-12-2023	17:54:58	841c33fe-0fa6-4112-b061-1343a865772b	GET	/users	http://localhost:3000
11-12-2023	17:54:58	bd4803aa-d8aa-4d5d-a390-c997785e24c6	GET	/users	http://localhost:3000
11-12-2023	17:54:58	6dfa3bf7-0a23-4544-b26f-a614ed05d03b	GET	/users	http://localhost:3000
11-12-2023	17:54:58	1fb6f36a-e605-4e7b-a791-3a223086b6fe	GET	/users	http://localhost:3000
11-12-2023	17:54:59	34217cb6-4518-40b4-b6ab-02623df33c6a	GET	/users	http://localhost:3000
11-12-2023	17:54:59	37614e9e-5b4e-4bd8-8411-3dddcf9f53b9	GET	/users	http://localhost:3000
11-12-2023	17:54:59	4ca9b4bb-7fcc-4814-8fea-6474da206793	GET	/users	http://localhost:3000
11-12-2023	17:54:59	5765aac3-ce14-48af-b0c8-13849b1ff330	GET	/users	http://localhost:3000
11-12-2023	17:55:00	8427353c-6ef0-4572-9bc7-3f2df5b878e8	GET	/users	http://localhost:3000
11-12-2023	17:55:00	fb9ffcfa-cc4a-4846-abbc-72743d793df9	GET	/users	http://localhost:3000
11-12-2023	17:55:00	03dfc472-3abe-40bb-84dc-ffbfc4fd1fb1	GET	/users	http://localhost:3000
11-12-2023	17:55:00	59710f5b-3f16-4a97-95a4-f6a0eca70533	GET	/users	http://localhost:3000
11-12-2023	17:55:01	cfcb1d52-1716-4afb-b073-f8dc09ed6d64	GET	/users	http://localhost:3000
11-12-2023	17:55:01	5147d111-69fd-47fb-a918-21ce2f77d077	GET	/users	http://localhost:3000
11-12-2023	17:55:01	b5540031-b508-47db-a7ee-8881fcf241e6	GET	/users	http://localhost:3000
11-12-2023	17:55:01	56ab8b3c-d912-4569-b183-f39de6932fd3	GET	/users	http://localhost:3000
11-12-2023	17:55:02	b0f369c5-30dc-470c-bb2c-84d598d40291	GET	/users/65411d46cebf8b8325d46c7d	http://localhost:3000
11-12-2023	17:55:02	04bd19e5-a3db-44aa-bffe-35686451bfc3	GET	/users/65411d46cebf8b8325d46c7d	http://localhost:3000
11-12-2023	17:55:02	9b5ffe27-8cc8-4b53-a042-41746de168b2	GET	/users/65411d46cebf8b8325d46c7d	http://localhost:3000
11-12-2023	17:55:02	8c4da4b9-06ab-4b30-8cb7-40e5238eb115	GET	/users/65411d46cebf8b8325d46c7d	http://localhost:3000
11-12-2023	17:55:02	a1c12b3d-5e82-450e-83fb-92684812794d	GET	/users/65411d46cebf8b8325d46c7d	http://localhost:3000
11-12-2023	17:55:02	9316fb4e-e313-471e-9245-bbbb320b898f	GET	/users/65411d46cebf8b8325d46c7d	http://localhost:3000
11-12-2023	17:55:02	064f66f4-5220-42f2-b2b1-c10674750c1d	GET	/users/65411d46cebf8b8325d46c7d	http://localhost:3000
11-12-2023	17:55:02	51f1856f-afc5-4fed-8014-e376c25fb95e	GET	/users/65411d46cebf8b8325d46c7d	http://localhost:3000
11-12-2023	17:55:02	ab25a163-dd48-453f-b9c5-a11a36197c3b	GET	/users/65411d46cebf8b8325d46c7d	http://localhost:3000
11-12-2023	17:55:02	f681bbe8-6b1c-479e-be46-480d48e0d731	GET	/users/65411d46cebf8b8325d46c7d	http://localhost:3000
11-12-2023	17:55:02	003c1e19-aa1e-4036-8248-4cb22c9c5a1a	GET	/users/65411d46cebf8b8325d46c7d	http://localhost:3000
11-12-2023	17:55:02	2aa65f8f-bd9f-4a58-bc0a-ede5fbc8ec03	GET	/users/65411d46cebf8b8325d46c7d	http://localhost:3000
11-12-2023	17:55:02	adf6cdf4-129c-46b0-a621-bb8d13872356	GET	/users/65411d46cebf8b8325d46c7d	http://localhost:3000
11-12-2023	17:55:02	0044cd9b-55e7-4814-8a86-ee42840cf08e	GET	/users/65411d46cebf8b8325d46c7d	http://localhost:3000
11-12-2023	17:55:02	b8c9f0a7-aa73-4136-a4cd-2e488e0a617e	GET	/users	http://localhost:3000
11-12-2023	17:55:02	43e04a65-52ec-4719-a48a-26896d19d918	GET	/users/65411d46cebf8b8325d46c7d	http://localhost:3000
11-12-2023	17:55:02	2ecbc68d-f1b7-4437-b101-6b61154e09eb	GET	/users	http://localhost:3000
11-12-2023	17:55:02	ea643068-e68e-4878-bba2-5c9f1112c525	GET	/users/65411d46cebf8b8325d46c7d	http://localhost:3000
11-12-2023	17:55:02	1c19bcd8-8953-453e-9e8b-226e0fdb8caa	GET	/users	http://localhost:3000
11-12-2023	17:55:03	a4335386-5375-4efe-8db2-6c6751aacd78	GET	/users/65411d46cebf8b8325d46c7d	http://localhost:3000
11-12-2023	17:55:03	2c61a90a-0db8-4b20-9fa5-929269cc55c8	GET	/users	http://localhost:3000
11-12-2023	17:55:03	4f8caf34-8c4d-4b68-80c8-915c86259031	GET	/users/65411d46cebf8b8325d46c7d	http://localhost:3000
11-12-2023	17:55:03	c448ceab-9e03-4bb3-a45c-86885de6ff86	GET	/users/65411d46cebf8b8325d46c7d	http://localhost:3000
11-12-2023	17:55:03	47f589bd-f633-414b-bfa4-57dcf60c5505	GET	/users/65411d46cebf8b8325d46c7d	http://localhost:3000
11-12-2023	17:55:03	c1d310cb-8625-4016-b95f-77b7b8e04ac7	GET	/users/65411d46cebf8b8325d46c7d	http://localhost:3000
11-12-2023	17:55:03	a7a73fc8-a021-42f0-a7dc-b614dbc5b7c8	GET	/users	http://localhost:3000
11-12-2023	17:55:03	801dc6a3-42d0-4d90-86d5-6cfe9b82b35f	GET	/users/65411d46cebf8b8325d46c7d	http://localhost:3000
11-12-2023	17:55:03	9a21c46a-f6a3-4105-9055-84d9e2f29f59	GET	/users/65411d46cebf8b8325d46c7d	http://localhost:3000
11-12-2023	17:55:03	5526f1a5-5ed1-4bbe-aa87-66dc16717f3d	GET	/users/65411d46cebf8b8325d46c7d	http://localhost:3000
11-12-2023	17:55:03	5daf3a88-3d60-443d-b9e0-14cf1f61c3b5	GET	/users/65411d46cebf8b8325d46c7d	http://localhost:3000
11-12-2023	17:55:03	3c17f383-4e76-472e-a3da-a6cc8211945a	GET	/users/65411d46cebf8b8325d46c7d	http://localhost:3000
11-12-2023	17:55:03	748c1b70-789f-4e7d-93a3-4bbb69448a80	GET	/users/65411d46cebf8b8325d46c7d	http://localhost:3000
11-12-2023	17:55:03	bb71943c-efae-4784-b575-545071c02b97	GET	/users/65411d46cebf8b8325d46c7d	http://localhost:3000
11-12-2023	17:55:03	9ecd7b30-0750-4fad-8af7-96afe4e0dc6f	GET	/users/65411d46cebf8b8325d46c7d	http://localhost:3000
11-12-2023	17:55:03	5d1c5061-7ad0-49c9-bb43-dde02f940231	GET	/users/65411d46cebf8b8325d46c7d	http://localhost:3000
11-12-2023	17:55:03	af51e05e-ad10-4236-aab2-def5732ba3ce	GET	/users/65411d46cebf8b8325d46c7d	http://localhost:3000
11-12-2023	17:55:03	945463e1-08e8-42fd-8cf9-f1302f0c24d2	GET	/users/65411d46cebf8b8325d46c7d	http://localhost:3000
11-12-2023	17:55:03	e70af19a-8f5e-4a16-9e67-24fcffcd3639	GET	/users/65411d46cebf8b8325d46c7d	http://localhost:3000
11-12-2023	17:55:03	6a41987d-4bf4-483a-bf29-3df91adea8c1	GET	/users/65411d46cebf8b8325d46c7d	http://localhost:3000
11-12-2023	17:55:03	d8e78a77-9725-4dd8-b607-d7787df8de24	GET	/users/65411d46cebf8b8325d46c7d	http://localhost:3000
11-12-2023	17:55:03	e71b4326-f09c-4b0f-9437-29121f001d17	GET	/users/65411d46cebf8b8325d46c7d	http://localhost:3000
11-12-2023	17:55:03	41003244-734f-4f09-8f05-b4c32b6f0d8d	GET	/users/65411d46cebf8b8325d46c7d	http://localhost:3000
11-12-2023	17:55:03	93f14682-73d5-4936-a1f8-5df078cf7f7b	GET	/users	http://localhost:3000
11-12-2023	17:55:03	cf03612a-4459-4952-90be-1cfda7eb5164	GET	/users/65411d46cebf8b8325d46c7d	http://localhost:3000
11-12-2023	17:55:03	379634c2-919b-4179-bc7b-507300f55b02	GET	/users	http://localhost:3000
11-12-2023	17:55:04	047b8555-100e-4275-bb7b-9762440d8fee	GET	/users/65411d46cebf8b8325d46c7d	http://localhost:3000
11-12-2023	17:55:04	4820566b-e3bb-4f70-9fe3-b500b8ad0c71	GET	/users	http://localhost:3000
11-12-2023	17:55:04	d0c7ecb1-46f9-4632-a647-e8346b87763b	GET	/users/65411d46cebf8b8325d46c7d	http://localhost:3000
11-12-2023	17:55:04	8c9ec4b1-e10d-4f5c-93aa-a2b0633dc5c4	GET	/users	http://localhost:3000
11-12-2023	17:55:04	07a224c9-2a4d-4696-b1af-e30a365d5f20	GET	/users/65411d46cebf8b8325d46c7d	http://localhost:3000
11-12-2023	17:55:04	1ffec5f9-5cc2-42d4-8ea7-e4c702a510ca	GET	/users/65411d46cebf8b8325d46c7d	http://localhost:3000
11-12-2023	17:55:04	e693dfe8-298b-47ca-a1ad-a239eb28bbec	GET	/users/65411d46cebf8b8325d46c7d	http://localhost:3000
11-12-2023	17:55:04	fb7128c4-a25d-4f1b-96a8-e790f7af1ce5	GET	/users/65411d46cebf8b8325d46c7d	http://localhost:3000
11-12-2023	17:55:04	7523df28-deb2-4284-8b25-96efb4f92905	GET	/users	http://localhost:3000
11-12-2023	17:55:04	786678e7-f5ca-4610-872e-b8d637386251	GET	/users/65411d46cebf8b8325d46c7d	http://localhost:3000
11-12-2023	17:55:04	2867cbb2-90bf-4ef2-8174-e4a266d8dbb5	GET	/users/65411d46cebf8b8325d46c7d	http://localhost:3000
11-12-2023	17:55:04	67c8c245-7ceb-4241-8cf4-dd0f5acf290b	GET	/users/65411d46cebf8b8325d46c7d	http://localhost:3000
11-12-2023	17:55:04	0498cc65-7cf2-43bd-a2c3-24c6134cea38	GET	/users/65411d46cebf8b8325d46c7d	http://localhost:3000
11-12-2023	17:55:04	4bd0b283-d01f-4e71-970e-0ba7a98e60ae	GET	/users/65411d46cebf8b8325d46c7d	http://localhost:3000
11-12-2023	17:55:04	e86ac133-cc73-4a23-bfa0-3b4b3c7a29cb	GET	/users/65411d46cebf8b8325d46c7d	http://localhost:3000
11-12-2023	17:55:04	10e77ae7-82e7-4f34-908b-d38dec314c2b	GET	/users/65411d46cebf8b8325d46c7d	http://localhost:3000
11-12-2023	17:55:04	41f26a7d-cc68-40a0-bd54-ecbc5f270eed	GET	/users/65411d46cebf8b8325d46c7d	http://localhost:3000
11-12-2023	17:55:04	8f97e957-8450-427b-b4e5-0d5c9afc2a20	GET	/users/65411d46cebf8b8325d46c7d	http://localhost:3000
11-12-2023	17:55:04	341ba152-279a-472b-aea5-0e10452c0adf	GET	/users/65411d46cebf8b8325d46c7d	http://localhost:3000
11-12-2023	17:55:04	83ad11bd-e9a2-42bc-a486-fab82f53536f	GET	/users/65411d46cebf8b8325d46c7d	http://localhost:3000
11-12-2023	17:55:04	82f153bf-1fef-489f-aad2-0afb04c109d3	GET	/users/65411d46cebf8b8325d46c7d	http://localhost:3000
11-12-2023	17:55:04	75a12e90-bdcc-4df4-948c-b0a20ae94b95	GET	/users	http://localhost:3000
11-12-2023	17:55:05	6dc5b77a-9723-4327-a0cd-2f1b6b8def44	GET	/users/65411d46cebf8b8325d46c7d	http://localhost:3000
11-12-2023	17:55:05	08e4d54a-c276-4475-bc9b-38daa135fdb7	GET	/users	http://localhost:3000
11-12-2023	17:55:05	825d9787-2611-4948-9699-f2988f03fc68	GET	/users/65411d46cebf8b8325d46c7d	http://localhost:3000
11-12-2023	17:55:05	80a8d0c8-3cb3-419c-b684-4a6dea141dfb	GET	/users	http://localhost:3000
11-12-2023	17:55:05	21fd27f9-3ae1-41f5-8abc-102102bcbf0b	GET	/users/65411d46cebf8b8325d46c7d	http://localhost:3000
11-12-2023	17:55:05	ac6e9ab2-71a0-4235-aef3-b39efe9f7494	GET	/users	http://localhost:3000
11-12-2023	17:55:05	4837bfbf-1333-4f0e-bb13-7c85a7365451	GET	/users/65411d46cebf8b8325d46c7d	http://localhost:3000
11-12-2023	17:55:05	86354a75-0a4f-4450-a81a-73ee924ee3df	GET	/users/65411d46cebf8b8325d46c7d	http://localhost:3000
11-12-2023	17:55:05	90fa9053-4d21-4947-8a4c-38fb95a3dd3f	GET	/users/65411d46cebf8b8325d46c7d	http://localhost:3000
11-12-2023	17:55:05	b56b3181-5821-4a7a-a0de-81d82cec5b6f	GET	/users/65411d46cebf8b8325d46c7d	http://localhost:3000
11-12-2023	17:55:05	3cc56f15-9e52-43e2-9e62-4b1cb413df1e	GET	/users/65411d46cebf8b8325d46c7d	http://localhost:3000
11-12-2023	17:55:05	8051ba9c-015a-4d82-b8cc-672fb7c982ae	GET	/users	http://localhost:3000
11-12-2023	17:55:05	e4bd1f75-b3d7-4a2d-a480-2ca778dd98ed	GET	/users/65411d46cebf8b8325d46c7d	http://localhost:3000
11-12-2023	17:55:05	e62e1ae2-8bfc-44df-84e9-7849f536c5b0	GET	/users/65411d46cebf8b8325d46c7d	http://localhost:3000
11-12-2023	17:55:05	adf128ef-eaf1-4e5f-9729-cf68e7c77c00	GET	/users/65411d46cebf8b8325d46c7d	http://localhost:3000
11-12-2023	17:55:05	1e7ceedf-1fc3-45d0-b63e-bb948b546d1f	GET	/users/65411d46cebf8b8325d46c7d	http://localhost:3000
11-12-2023	17:55:05	eba6d4ab-d2b4-4a58-ae7d-5f619886448a	GET	/users/65411d46cebf8b8325d46c7d	http://localhost:3000
11-12-2023	17:55:05	ae7a75ae-6fc0-41a9-b3a2-4d11c326aca4	GET	/users/65411d46cebf8b8325d46c7d	http://localhost:3000
11-12-2023	17:55:05	0974ada9-b3c8-4487-a9b6-fa43253d24d4	GET	/users/65411d46cebf8b8325d46c7d	http://localhost:3000
11-12-2023	17:55:05	64e207d4-1644-4295-b789-c6cdfea292ea	GET	/users/65411d46cebf8b8325d46c7d	http://localhost:3000
11-12-2023	17:55:05	49344822-41ce-4ad1-ba6c-d618945a2ca4	GET	/users/65411d46cebf8b8325d46c7d	http://localhost:3000
11-12-2023	17:55:05	4ca4d1bf-de51-40c2-816d-738066b89f4b	GET	/users/65411d46cebf8b8325d46c7d	http://localhost:3000
11-12-2023	17:55:05	4ad0fb86-154f-492a-ab51-dddc06e79d17	GET	/users/65411d46cebf8b8325d46c7d	http://localhost:3000
11-12-2023	17:55:05	a4ef8e1c-5e44-4fcc-8b3d-ace7d02e954b	GET	/users/65411d46cebf8b8325d46c7d	http://localhost:3000
11-12-2023	17:55:05	8018d350-6d39-443a-8da8-837f7bd3384b	GET	/users/65411d46cebf8b8325d46c7d	http://localhost:3000
11-12-2023	17:55:06	2d35814e-b22a-49e4-a09a-33019bb4cea7	GET	/users	http://localhost:3000
11-12-2023	17:55:06	1061df4b-af9f-49aa-a8ca-9323ee1c4dc4	GET	/users/65411d46cebf8b8325d46c7d	http://localhost:3000
11-12-2023	17:55:06	bfa4d0f7-c954-4b9f-ae29-6fa303e69267	GET	/users/65411d46cebf8b8325d46c7d	http://localhost:3000
11-12-2023	17:55:06	303cf036-9365-4eab-816c-6bd2b28e2df2	GET	/users	http://localhost:3000
11-12-2023	17:55:06	c73c826e-0719-4bd3-a852-46fbaaa16db1	GET	/users/65411d46cebf8b8325d46c7d	http://localhost:3000
11-12-2023	17:55:06	6894e495-0e75-4f73-ab4b-9481bd7ed863	GET	/users	http://localhost:3000
11-12-2023	17:55:06	13909d34-a406-4136-8b54-37f3c8569a00	GET	/users/65411d46cebf8b8325d46c7d	http://localhost:3000
11-12-2023	17:55:06	638a8447-6b37-4b4d-a5eb-c2e60c97fb4e	GET	/users	http://localhost:3000
11-12-2023	17:55:06	3482d551-3c49-41f1-89eb-afb47bf0b199	GET	/users/65411d46cebf8b8325d46c7d	http://localhost:3000
11-12-2023	17:55:06	c5920d6b-127b-4e7b-8d45-66f35cdc5ede	GET	/users/65411d46cebf8b8325d46c7d	http://localhost:3000
11-12-2023	17:55:06	d0cf9d61-f64c-4fe0-9901-82d12f9b572d	GET	/users/65411d46cebf8b8325d46c7d	http://localhost:3000
11-12-2023	17:55:06	818ca4e1-8e53-4a6d-9a16-7e367d6671c7	GET	/users	http://localhost:3000
11-12-2023	17:55:14	90ef0e9b-04c6-4585-8e95-4634a94eb783	GET	/users/65411d46cebf8b8325d46c7d	http://localhost:3000
11-12-2023	17:55:14	b0cf56f5-bb7e-4b60-b36a-8f15442884fc	GET	/users/65411d46cebf8b8325d46c7d	http://localhost:3000
11-12-2023	17:55:15	6efac19c-e758-4815-9f86-a1344d784e37	GET	/users/65411d46cebf8b8325d46c7d	http://localhost:3000
11-12-2023	17:55:15	a0e5b379-932f-4260-a094-978c18b1d823	GET	/users/65411d46cebf8b8325d46c7d	http://localhost:3000
11-12-2023	17:55:15	e416a87b-c917-4681-b6ef-5e52dade7646	GET	/users/65411d46cebf8b8325d46c7d	http://localhost:3000
11-12-2023	17:55:15	e12b335c-e64e-4eca-bc30-eec5e183373b	GET	/users/65411d46cebf8b8325d46c7d	http://localhost:3000
11-12-2023	17:55:16	9df95747-9ff0-4a70-8917-9aa8c5173bed	GET	/users/65411d46cebf8b8325d46c7d	http://localhost:3000
11-12-2023	17:55:16	100efee7-cbd3-4bb6-84f7-ef311e14c14a	GET	/users/65411d46cebf8b8325d46c7d	http://localhost:3000
11-12-2023	17:55:16	fff93c77-45e7-40fe-b180-f8e737071fff	GET	/users/65411d46cebf8b8325d46c7d	http://localhost:3000
11-12-2023	17:55:16	87f8e54f-150c-45f2-9119-26e1c742378e	GET	/users/65411d46cebf8b8325d46c7d	http://localhost:3000
11-12-2023	17:55:17	0a0ec64f-c8ef-42ad-871b-7dcff3e5ab59	GET	/users/65411d46cebf8b8325d46c7d	http://localhost:3000
11-12-2023	17:55:17	c2b90433-6440-4c7b-ac1a-f44cf7d4ffce	GET	/users/65411d46cebf8b8325d46c7d	http://localhost:3000
11-12-2023	17:55:17	9ea04a0b-7c1d-49f8-ab9d-904bebc8f23d	GET	/users/65411d46cebf8b8325d46c7d	http://localhost:3000
11-12-2023	17:55:17	a8b17cfe-88f6-4d6b-8690-a9d6b35ca8fe	GET	/users/65411d46cebf8b8325d46c7d	http://localhost:3000
11-12-2023	17:55:18	ab0882e8-dd62-47bb-8c29-472ddbe6b633	GET	/users/65411d46cebf8b8325d46c7d	http://localhost:3000
11-12-2023	17:55:18	17e3b6f6-8c31-4766-82fb-9778d3444976	GET	/users/65411d46cebf8b8325d46c7d	http://localhost:3000
11-12-2023	17:55:18	ed92a7f6-4e48-4413-b6e0-baf20edb7a01	GET	/users/65411d46cebf8b8325d46c7d	http://localhost:3000
11-12-2023	17:55:18	c4863cfa-93a7-4465-bfec-0ac66488ed18	GET	/users/65411d46cebf8b8325d46c7d	http://localhost:3000
11-12-2023	17:55:19	a03ed70e-aa89-4102-8a22-f610f936d67d	GET	/users/65411d46cebf8b8325d46c7d	http://localhost:3000
11-12-2023	17:55:19	3e47e6c9-b2c3-4984-b036-a374df4836c9	GET	/users/65411d46cebf8b8325d46c7d	http://localhost:3000
11-12-2023	17:55:19	91e438be-f70a-464d-b128-ef20d1fa0ff8	GET	/users/65411d46cebf8b8325d46c7d	http://localhost:3000
11-12-2023	17:55:19	533dcbb5-0ecf-4e99-bbec-2256feb09fcb	GET	/users/65411d46cebf8b8325d46c7d	http://localhost:3000
11-12-2023	17:55:20	215ea732-2c55-416b-83e5-2c715e328f2b	GET	/users/65411d46cebf8b8325d46c7d	http://localhost:3000
11-12-2023	17:55:20	45158064-573e-4486-887a-ada605a062a7	GET	/users/65411d46cebf8b8325d46c7d	http://localhost:3000
11-12-2023	17:55:20	abfbc452-6e86-4b75-a45e-916dcb8247fb	GET	/users/65411d46cebf8b8325d46c7d	http://localhost:3000
11-12-2023	17:55:20	7e9dcfab-4c24-474b-a860-46bb3c50d793	GET	/users/65411d46cebf8b8325d46c7d	http://localhost:3000
11-12-2023	17:55:27	4fdfea63-4e88-4e97-a349-962ccd5b74ba	OPTIONS	/users	http://localhost:3000
11-12-2023	17:55:27	26eac8ed-4534-40de-aab6-e22c7299c1fd	GET	/users	http://localhost:3000
11-12-2023	17:55:28	579837fb-239d-4509-934f-941837302ac0	GET	/users	http://localhost:3000
11-12-2023	17:55:28	a6feebe4-be29-4c55-b7db-d11f76fc8eac	GET	/users	http://localhost:3000
11-12-2023	17:55:29	15dc6c15-3efe-4831-886b-ed9ecc108cb2	GET	/users	http://localhost:3000
11-12-2023	17:55:29	426bc72a-096f-416b-aa33-ea32c763b30e	GET	/users	http://localhost:3000
11-12-2023	17:55:29	a62f3044-1ba9-4aae-b431-affb581d5b87	GET	/users	http://localhost:3000
11-12-2023	17:56:01	0c7c94bd-c02a-4c37-a244-05155346941b	OPTIONS	/users	http://localhost:3000
11-12-2023	17:56:01	e0d3202b-3cd3-4a68-bfa5-cfd6ea9cb2c7	GET	/users	http://localhost:3000
11-12-2023	17:56:06	4906d64e-61a5-440d-b964-89ff381ac17e	OPTIONS	/users	http://localhost:3000
11-12-2023	17:56:06	ae83bdb4-b7e9-4c38-b2be-f0f5f454238b	GET	/users	http://localhost:3000
11-12-2023	17:56:10	255c7808-9f55-4b5c-8eef-efd92778eb01	GET	/users	http://localhost:3000
11-12-2023	17:56:10	b870025d-81ce-4030-863e-eaf145ca5050	GET	/users	http://localhost:3000
11-12-2023	17:56:11	63f64252-2f6d-4d4f-bda3-87102f70fb32	GET	/users	http://localhost:3000
11-12-2023	17:56:11	ef154fb4-d178-4af3-9945-05e0ded38b2e	GET	/users	http://localhost:3000
11-12-2023	18:03:42	5e183900-4dfe-4e93-80d0-9f2727dab511	GET	/auth/refresh	http://localhost:3000
11-12-2023	18:10:40	6973e8d6-0344-4e30-8941-c97a1c3bd097	GET	/auth/refresh	http://localhost:3000
11-12-2023	18:13:06	f98f418d-4111-4487-9ceb-c7da39844ff1	GET	/auth/refresh	http://localhost:3000
11-12-2023	18:13:39	805dbb8c-a820-4c1b-88a9-0ecbb2a429d8	GET	/auth/refresh	http://localhost:3000
11-12-2023	18:38:56	f20efc08-24f4-4bba-b2fb-9ae052b650db	GET	/rent/props	http://localhost:3000
11-12-2023	18:38:56	389485d4-f767-48c4-b4f7-a48082762067	GET	/buy/props	http://localhost:3000
11-12-2023	18:38:57	681fffb2-6ef4-4ec1-a58c-962306346b9a	GET	/buy/props	http://localhost:3000
11-12-2023	18:38:57	36767101-41e6-4eac-9968-a7f5ec9cddc2	GET	/rent/props	http://localhost:3000
11-12-2023	18:41:27	f3f6773d-e569-401a-9ec3-c1142b0414a2	GET	/rent/props	http://localhost:3000
11-12-2023	18:41:27	b9c9a7ff-12fd-4d85-9a75-fd5eac618aaf	GET	/buy/props	http://localhost:3000
11-12-2023	18:41:27	d2452872-5873-444d-b3de-8d8e044e8ba6	GET	/buy/props	http://localhost:3000
11-12-2023	18:41:28	460b1105-c109-4e51-8b3b-ee2b714adf7f	GET	/rent/props	http://localhost:3000
11-12-2023	18:44:07	2f816ac2-f337-4469-9833-dee0e5e2d79b	GET	/rent/props	http://localhost:3000
11-12-2023	18:44:07	5e51609c-56f4-4fdd-b3fb-8e3bcf8a771d	GET	/buy/props	http://localhost:3000
11-12-2023	18:44:07	651fa54d-d7b0-4764-92cd-e63b1b13efec	GET	/buy/props	http://localhost:3000
11-12-2023	18:44:07	ce3660b5-5e55-4f99-bff5-70791fd95e8f	GET	/rent/props	http://localhost:3000
11-12-2023	18:45:30	209583c9-43a0-437b-b5e6-d5075f4247b3	GET	/rent/props	http://localhost:3000
11-12-2023	18:45:30	9ed0a520-afd5-4937-952c-2e181cad54a8	OPTIONS	/rent?page=1	http://localhost:3000
11-12-2023	18:45:30	1e15484b-5fa6-4ae5-95c1-f418d19b41b9	GET	/rent?page=1	http://localhost:3000
11-12-2023	18:45:30	481d2c99-b609-41a8-83ca-39a417e5d505	GET	/rent/props	http://localhost:3000
11-12-2023	18:46:16	1f518ef9-9113-4844-b88b-d79b146bfad4	GET	/rent/props	http://localhost:3000
11-12-2023	18:46:22	61361d12-2706-4236-83d4-23b92a7f1a2e	GET	/auth/refresh	http://localhost:3000
11-12-2023	18:46:22	a533265e-53dd-47b6-beee-74ddcbb8bc26	GET	/rent/props	http://localhost:3000
11-12-2023	18:46:22	e7165147-a634-45e6-8a75-f63e97125cf2	GET	/rent?page=1	http://localhost:3000
11-12-2023	18:46:22	ddc98687-f592-48f4-921d-dc4dae1a0223	GET	/rent/props	http://localhost:3000
11-12-2023	18:46:22	c44725ae-c0c7-4b1c-92ba-31545f9d2361	GET	/rent/props	http://localhost:3000
11-12-2023	18:46:22	895633ca-439c-400b-8d2b-9670a9f350f6	GET	/rent/props	http://localhost:3000
11-12-2023	18:47:21	557f8041-a081-41dc-8d2b-3c4c2f4c1d0f	GET	/rent/props	http://localhost:3000
11-12-2023	18:47:21	27b4bca9-29e8-4745-b039-c9d240b25289	GET	/rent/props	http://localhost:3000
11-12-2023	18:48:18	757ddf29-b81a-481d-b78b-76267154bc73	GET	/rent/props	http://localhost:3000
11-12-2023	18:49:06	49d86528-86e8-4c02-affe-a2ce8eb9d10a	GET	/rent/655b70b520f8311e557ed3ca	http://localhost:3000
11-12-2023	18:49:06	93ded1ef-09d8-41d1-a103-bd10fd9b0790	GET	/rent/655b70b520f8311e557ed3ca	http://localhost:3000
11-12-2023	18:49:38	75814182-526f-462f-bbdf-6c63f24b1ce1	GET	/rent/655b70b520f8311e557ed3ca	http://localhost:3000
11-12-2023	18:49:49	62387cdc-424b-4574-8c98-924d2efac89a	GET	/rent/655b70b520f8311e557ed3ca	http://localhost:3000
11-12-2023	18:50:31	70872419-b3d7-4f12-aa4d-c0aaba83811c	GET	/rent/655b70b520f8311e557ed3ca	http://localhost:3000
11-12-2023	18:50:54	b9a7f6f7-087a-485b-9a43-cd2b864d8679	GET	/rent/655b70b520f8311e557ed3ca	http://localhost:3000
11-12-2023	18:55:01	4ca5e6c2-a294-4393-89b9-0cfc051314f7	GET	/rent/props	http://localhost:3000
11-12-2023	18:55:01	923e9814-b8d9-4da5-9ba0-5cd496de7a1e	GET	/buy/props	http://localhost:3000
11-12-2023	18:55:02	327e5650-e1da-46fc-903a-c4b302239c7a	GET	/buy/props	http://localhost:3000
11-12-2023	18:55:02	f2c00425-8298-424f-9bb9-92796818f413	GET	/rent/props	http://localhost:3000
11-12-2023	18:55:08	11ceb731-51db-4c8e-ba90-7248221134b0	GET	/buy/props	http://localhost:3000
11-12-2023	18:55:08	521f2c39-210c-429d-afde-e8619fd9b1d0	OPTIONS	/buy?page=1	http://localhost:3000
11-12-2023	18:55:08	6e9f2079-91f4-4363-9f98-b96b701e9036	GET	/buy?page=1	http://localhost:3000
11-12-2023	18:55:08	81c9e3bf-2697-4343-ab26-c251d3080610	GET	/buy/props	http://localhost:3000
11-12-2023	18:56:32	4761628e-445e-43d1-a6f9-c3587c5ff154	GET	/buy/props	http://localhost:3000
11-12-2023	18:56:39	d9ce75b4-05d4-4a41-b760-921897a348a2	GET	/auth/refresh	http://localhost:3000
11-12-2023	18:56:39	8c2ed6ab-2db3-4cdd-9914-745f933925d9	GET	/buy/props	http://localhost:3000
11-12-2023	18:56:39	303663ae-6f09-4c8a-b455-9eb2cdcb9b0f	GET	/buy?page=1	http://localhost:3000
11-12-2023	18:56:39	6d866352-9b07-407e-b0d0-6077c07f0b97	GET	/buy/props	http://localhost:3000
11-12-2023	18:56:39	8deb96f3-6451-4ac9-bd4b-e04f865ef137	GET	/buy/props	http://localhost:3000
11-12-2023	18:56:39	34b4b6e0-7805-439e-93e1-106e9030a54a	GET	/buy/props	http://localhost:3000
11-12-2023	18:56:51	8b6c62b8-7154-4330-8c4a-42a267a70ae5	OPTIONS	/buy?page=2	http://localhost:3000
11-12-2023	18:56:51	e796d24b-cb9a-4bcf-87d3-fe2a5ba94aa5	GET	/buy?page=2	http://localhost:3000
11-12-2023	18:56:54	187959e1-9dc8-4b0c-89d5-6f9e1643cefc	GET	/rent/props	http://localhost:3000
11-12-2023	18:56:54	aaf0c497-51ba-41a3-bbdf-13e452cac979	GET	/buy/props	http://localhost:3000
11-12-2023	18:56:54	256b8048-a13d-4b0b-afec-590670ab3656	GET	/rent/props	http://localhost:3000
11-12-2023	18:56:54	d73dc603-582d-41ae-905b-fd59095c6cc5	GET	/buy/props	http://localhost:3000
11-12-2023	18:59:57	34310258-9ced-4204-8b47-1d75c03bc36d	OPTIONS	/buy?page=1	http://localhost:3000
11-12-2023	18:59:57	e7ba9b18-7c34-494b-9820-59be94ee85b4	GET	/buy/props	http://localhost:3000
11-12-2023	18:59:57	3a6ca052-f5c7-4106-a2f7-609c0f480282	GET	/buy?page=1	http://localhost:3000
11-12-2023	18:59:58	7b70e300-9345-4ea9-9da6-581d3cd4094b	GET	/buy/props	http://localhost:3000
11-12-2023	19:00:04	0044b789-41ce-4608-9b72-0fb5673a8f5d	OPTIONS	/rent?page=1	http://localhost:3000
11-12-2023	19:00:04	75e91d5e-3375-472e-8240-71cb706608df	GET	/rent/props	http://localhost:3000
11-12-2023	19:00:04	6ae4b871-3289-433c-a688-24e8ff149123	GET	/rent?page=1	http://localhost:3000
11-12-2023	19:00:04	7d6e6fef-8040-42ed-8556-d71c4f63602e	GET	/rent/props	http://localhost:3000
11-12-2023	19:00:21	38aa66cf-339a-4a9b-881a-c50aa4dae152	GET	/rent/props	http://localhost:3000
11-12-2023	19:00:21	559bb5e4-95e7-4982-8f73-6b34d0788e13	GET	/buy/props	http://localhost:3000
11-12-2023	19:00:21	d5d099b9-6587-466f-b6f3-b97626618d48	GET	/rent/props	http://localhost:3000
11-12-2023	19:00:21	6199cabf-848f-4593-a59b-189601a0272e	GET	/buy/props	http://localhost:3000
11-12-2023	19:00:26	a6afc4b5-614f-4902-9239-d2d292eb37aa	GET	/rent/props	http://localhost:3000
11-12-2023	19:00:26	63b82752-9ccb-4b55-969e-43de03e5b936	GET	/buy/props	http://localhost:3000
11-12-2023	19:00:26	8137528d-301a-4578-af9b-a2c3fe57cf96	GET	/buy/props	http://localhost:3000
11-12-2023	19:00:26	3d289c8d-7924-44a8-8064-9235f0c66238	GET	/rent/props	http://localhost:3000
11-12-2023	19:00:34	d0a7d884-a6f0-4f7b-bcad-ae1614a854f5	GET	/rent/props	http://localhost:3000
11-12-2023	19:00:34	d1bbed93-d62e-44ff-899b-c70e17f4b87c	GET	/buy/props	http://localhost:3000
11-12-2023	19:00:34	9ae908e7-634e-448f-8ab9-bde0d16ee0f6	GET	/rent/props	http://localhost:3000
11-12-2023	19:00:34	a92aef68-ff66-423f-bee0-b77cb4c13279	GET	/buy/props	http://localhost:3000
11-12-2023	19:00:35	5b412739-6bf9-43a5-9fa4-330e068beb60	GET	/rent/654183eb90100288c77ed507	http://localhost:3000
11-12-2023	19:00:35	2284bbc9-116d-4601-bc27-2741859807ad	GET	/rent/654183eb90100288c77ed507	http://localhost:3000
11-12-2023	19:02:05	e9ca1296-2601-4d0c-b5c5-23d410afdd10	GET	/auth/refresh	http://localhost:3000
11-12-2023	19:02:05	bfc6f72e-7798-4061-a26a-b1b60273127a	GET	/rent/654183eb90100288c77ed507	http://localhost:3000
11-12-2023	19:02:05	829e99e0-033b-4d06-9320-b98ab894098b	GET	/rent/654183eb90100288c77ed507	http://localhost:3000
11-12-2023	19:02:05	c176fa94-fd88-459b-bf00-960f20d20b6b	GET	/rent/654183eb90100288c77ed507	http://localhost:3000
11-12-2023	19:02:05	6abda264-f7d6-4300-9a05-88be6a8e0efa	GET	/rent/654183eb90100288c77ed507	http://localhost:3000
11-12-2023	19:03:15	8a7c0465-0b68-41f0-9b68-6afc4c38999e	GET	/rent/654183eb90100288c77ed507	http://localhost:3000
11-12-2023	19:03:15	eedf881b-5272-4bd8-ad26-23bd55a1c830	GET	/rent/654183eb90100288c77ed507	http://localhost:3000
11-12-2023	19:03:23	44622646-4724-4eb2-9d64-7237e1c27a34	GET	/rent/props	http://localhost:3000
11-12-2023	19:03:23	238a8aa6-8f91-401b-b6f1-5594aad9bae3	GET	/buy/props	http://localhost:3000
11-12-2023	19:03:23	2e66d7a1-d369-4212-8f30-3b430c590daf	GET	/buy/props	http://localhost:3000
11-12-2023	19:03:23	b2c17e24-c5cd-4c21-a2cc-5124b93f47bd	GET	/rent/props	http://localhost:3000
11-12-2023	19:03:25	ffe98f7e-2e78-4369-a9b6-4003f16b8743	OPTIONS	/buy?page=1	http://localhost:3000
11-12-2023	19:03:25	2c1b90c6-d963-4af5-a4d7-4c15a4f7dddf	GET	/buy/props	http://localhost:3000
11-12-2023	19:03:25	22371b23-59a7-4e4b-ba32-a98ee50a815f	GET	/buy?page=1	http://localhost:3000
11-12-2023	19:03:25	99c79147-9dad-4efa-a0b2-d75731361898	GET	/buy/props	http://localhost:3000
11-12-2023	19:03:26	bce96457-b829-40fc-adbd-f76fe8547f6b	GET	/buy/655b4db47eee8ff9a707e1a9	http://localhost:3000
11-12-2023	19:03:26	a2708e5f-3730-4c90-aa8e-ea2a0788d6da	GET	/buy/655b4db47eee8ff9a707e1a9	http://localhost:3000
11-12-2023	19:03:29	922c98c0-b460-4f63-adc8-8e531d6c195e	GET	/buy/props	http://localhost:3000
11-12-2023	19:03:29	94a95d57-be9e-4b01-b13d-7ce20f61d92a	GET	/buy/props	http://localhost:3000
11-12-2023	19:03:31	75f2ee68-f52c-42f8-9a18-904c14146b4a	GET	/buy/655a1b039d62b1d975cc20ff	http://localhost:3000
11-12-2023	19:03:31	3f7474bd-9b7c-4965-b4e9-6f4c246bb400	GET	/buy/655a1b039d62b1d975cc20ff	http://localhost:3000
11-12-2023	19:03:35	4f6d3059-d0ef-45f8-acf5-bb44202ef80f	GET	/buy/props	http://localhost:3000
11-12-2023	19:03:35	e7126301-2d59-477d-a01a-3717a90af31c	GET	/buy/props	http://localhost:3000
11-12-2023	19:03:41	2baded80-bbe7-4e16-bde1-ffd6fc36c0fd	OPTIONS	/users	http://localhost:3000
11-12-2023	19:03:41	c8205483-d160-4421-94b4-d642a75280e8	GET	/users	http://localhost:3000
11-12-2023	19:05:58	3083c2c6-302d-4d19-8179-fd4122bde672	GET	/buy/props	http://localhost:3000
11-12-2023	19:05:58	b889d8cc-e72b-404b-ba48-999aaeda61c5	OPTIONS	/buy?page=1	http://localhost:3000
11-12-2023	19:05:58	4617ef8b-5eac-46b8-9f57-d5decf1017cb	GET	/buy?page=1	http://localhost:3000
11-12-2023	19:05:58	199a3d63-222a-4d4e-b358-dc74e82cd9bf	GET	/buy/props	http://localhost:3000
11-12-2023	19:06:02	824670a4-e474-4985-8cf7-600983560ba8	OPTIONS	/users	http://localhost:3000
11-12-2023	19:06:02	f4712886-0edf-4795-8f6f-9027fad9cb23	GET	/users	http://localhost:3000
11-12-2023	19:11:12	632c3abf-0f1d-4051-a837-43e1142f2ec5	GET	/buy/props	http://localhost:3000
11-12-2023	19:11:12	35e56db1-6726-40d2-9725-a6257d7291ce	OPTIONS	/buy?page=1	http://localhost:3000
11-12-2023	19:11:12	2a0151af-127e-48d3-b3b6-71df4dee4148	GET	/buy?page=1	http://localhost:3000
11-12-2023	19:11:12	26b895b8-0139-4f7f-8c80-3e1a22b7909f	GET	/buy/props	http://localhost:3000
11-12-2023	19:12:53	4512f6e6-9f65-4523-aaba-08aac280ff32	GET	/auth/refresh	http://localhost:3000
11-12-2023	19:12:53	f178a0ce-2e1e-4f82-9aec-09afde7fe967	GET	/buy/props	http://localhost:3000
11-12-2023	19:12:53	eef715cc-b3e3-4e41-aa57-e4e2f7672c7c	GET	/buy?page=1	http://localhost:3000
11-12-2023	19:12:53	146e12f9-69e4-4857-b6da-c9ac8b7339a3	GET	/buy/props	http://localhost:3000
11-12-2023	19:12:54	9d6b8828-ba16-4ab2-98db-7ff01d4a2370	GET	/buy/props	http://localhost:3000
11-12-2023	19:12:54	d293dcb7-5f4d-4c05-a731-636df952ebda	GET	/buy/props	http://localhost:3000
11-12-2023	19:15:20	f0bd6574-93c6-45df-b8f8-d1421c892e85	GET	/buy/props	http://localhost:3000
11-12-2023	19:15:34	c37d46dd-b5b5-4126-a474-58791bb1b960	GET	/auth/refresh	http://localhost:3000
11-12-2023	19:15:34	00860063-6a32-4cc5-bcba-0a8fd6c8abd3	GET	/buy/props	http://localhost:3000
11-12-2023	19:15:34	2b32cf3b-42ad-40d5-9b8a-b1e1dc35d2dc	GET	/buy?page=1	http://localhost:3000
11-12-2023	19:15:34	192acce6-4403-49df-b416-8ff6b6759478	GET	/buy/props	http://localhost:3000
11-12-2023	19:15:34	16363118-3716-4052-a008-324facbcddba	GET	/buy/props	http://localhost:3000
11-12-2023	19:15:34	7097189a-2529-4066-8ecd-1e193d432543	GET	/buy/props	http://localhost:3000
11-12-2023	19:15:45	4fa97603-b239-419b-98d1-72db685be73e	GET	/auth/refresh	http://localhost:3000
11-12-2023	19:15:45	49f73188-1c0c-4ffb-891c-b8d3852d8d2e	GET	/buy/props	http://localhost:3000
11-12-2023	19:15:45	9c685640-abae-4699-aac2-b4c15ffd17d3	GET	/buy?page=1	http://localhost:3000
11-12-2023	19:15:45	f62e8c9a-4964-4421-8ebc-b0f06bb5d6b1	GET	/buy/props	http://localhost:3000
11-12-2023	19:15:46	42654e0e-4854-4ed3-a3e4-38d043916d94	GET	/buy/props	http://localhost:3000
11-12-2023	19:15:46	41a778f1-2e1c-445c-8720-5548b7ad156e	GET	/buy/props	http://localhost:3000
